This is pdfTeX, Version 3.14159265-2.6-1.40.17 (TeX Live 2016) (preloaded format=pdflatex 2016.12.18)  5 FEB 2017 01:51
entering extended mode
 restricted \write18 enabled.
 %&-line parsing enabled.
**Ch02SparkDataProcessing.tex
(./Ch02SparkDataProcessing.tex
LaTeX2e <2016/03/31>
Babel <3.9r> and hyphenation patterns for 3 language(s) loaded.
(/usr/share/texlive/texmf-dist/tex/latex/beamer/beamer.cls
(/usr/share/texlive/texmf-dist/tex/latex/beamer/beamerbasercs.sty
Package: beamerbasercs 2015/03/08 (rcs-revision 368aa9ba9d38)
)
Document Class: beamer 2015/01/05 3.36 A class for typesetting presentations (r
cs-revision 8a39122e1f63)
(/usr/share/texlive/texmf-dist/tex/latex/beamer/beamerbasemodes.sty
Package: beamerbasemodes 2013/09/03 (rcs-revision 768f2d98ca64)
\beamer@tempbox=\box26
\beamer@tempcount=\count79
\c@beamerpauses=\count80

(/usr/share/texlive/texmf-dist/tex/latex/beamer/beamerbasedecode.sty
Package: beamerbasedecode 2010/05/01 (rcs-revision efa082c6111d)
\beamer@slideinframe=\count81
\beamer@minimum=\count82
)
\beamer@commentbox=\box27
\beamer@modecount=\count83
)
(/usr/share/texlive/texmf-dist/tex/generic/oberdiek/ifpdf.sty
Package: ifpdf 2016/05/14 v3.1 Provides the ifpdf switch
)
\headheight=\dimen102
\headdp=\dimen103
\footheight=\dimen104
\sidebarheight=\dimen105
\beamer@tempdim=\dimen106
\beamer@finalheight=\dimen107
\beamer@animht=\dimen108
\beamer@animdp=\dimen109
\beamer@animwd=\dimen110
\beamer@leftmargin=\dimen111
\beamer@rightmargin=\dimen112
\beamer@leftsidebar=\dimen113
\beamer@rightsidebar=\dimen114
\beamer@boxsize=\dimen115
\beamer@vboxoffset=\dimen116
\beamer@descdefault=\dimen117
\beamer@descriptionwidth=\dimen118
\beamer@lastskip=\skip41
\beamer@areabox=\box28
\beamer@animcurrent=\box29
\beamer@animshowbox=\box30
\beamer@sectionbox=\box31
\beamer@logobox=\box32
\beamer@linebox=\box33
\beamer@sectioncount=\count84
\beamer@subsubsectionmax=\count85
\beamer@subsectionmax=\count86
\beamer@sectionmax=\count87
\beamer@totalheads=\count88
\beamer@headcounter=\count89
\beamer@partstartpage=\count90
\beamer@sectionstartpage=\count91
\beamer@subsectionstartpage=\count92
\beamer@animationtempa=\count93
\beamer@animationtempb=\count94
\beamer@xpos=\count95
\beamer@ypos=\count96
\beamer@showpartnumber=\count97
\beamer@currentsubsection=\count98
\beamer@coveringdepth=\count99
\beamer@sectionadjust=\count100
\beamer@tocsectionnumber=\count101

(/usr/share/texlive/texmf-dist/tex/latex/beamer/beamerbaseoptions.sty
Package: beamerbaseoptions 2013/03/10 (rcs-revision 47431932db0d)

(/usr/share/texlive/texmf-dist/tex/latex/graphics/keyval.sty
Package: keyval 2014/10/28 v1.15 key=value parser (DPC)
\KV@toks@=\toks14
))
\beamer@paperwidth=\skip42
\beamer@paperheight=\skip43

(/usr/share/texlive/texmf-dist/tex/latex/geometry/geometry.sty
Package: geometry 2010/09/12 v5.6 Page Geometry

(/usr/share/texlive/texmf-dist/tex/generic/oberdiek/ifvtex.sty
Package: ifvtex 2016/05/16 v1.6 Detect VTeX and its facilities (HO)
Package ifvtex Info: VTeX not detected.
)
(/usr/share/texlive/texmf-dist/tex/generic/ifxetex/ifxetex.sty
Package: ifxetex 2010/09/12 v0.6 Provides ifxetex conditional
)
\Gm@cnth=\count102
\Gm@cntv=\count103
\c@Gm@tempcnt=\count104
\Gm@bindingoffset=\dimen119
\Gm@wd@mp=\dimen120
\Gm@odd@mp=\dimen121
\Gm@even@mp=\dimen122
\Gm@layoutwidth=\dimen123
\Gm@layoutheight=\dimen124
\Gm@layouthoffset=\dimen125
\Gm@layoutvoffset=\dimen126
\Gm@dimlist=\toks15
)
(/usr/share/texlive/texmf-dist/tex/latex/base/size11.clo
File: size11.clo 2014/09/29 v1.4h Standard LaTeX file (size option)
)
(/usr/share/texlive/texmf-dist/tex/latex/pgf/basiclayer/pgfcore.sty
(/usr/share/texlive/texmf-dist/tex/latex/graphics/graphicx.sty
Package: graphicx 2014/10/28 v1.0g Enhanced LaTeX Graphics (DPC,SPQR)

(/usr/share/texlive/texmf-dist/tex/latex/graphics/graphics.sty
Package: graphics 2016/05/09 v1.0r Standard LaTeX Graphics (DPC,SPQR)

(/usr/share/texlive/texmf-dist/tex/latex/graphics/trig.sty
Package: trig 2016/01/03 v1.10 sin cos tan (DPC)
)
(/usr/share/texlive/texmf-dist/tex/latex/graphics-cfg/graphics.cfg
File: graphics.cfg 2016/01/02 v1.10 sample graphics configuration
)
Package graphics Info: Driver file: pdftex.def on input line 96.

(/usr/share/texlive/texmf-dist/tex/latex/graphics-def/pdftex.def
File: pdftex.def 2016/07/10 v0.06j Graphics/color for pdfTeX

(/usr/share/texlive/texmf-dist/tex/generic/oberdiek/infwarerr.sty
Package: infwarerr 2016/05/16 v1.4 Providing info/warning/error messages (HO)
)
(/usr/share/texlive/texmf-dist/tex/generic/oberdiek/ltxcmds.sty
Package: ltxcmds 2016/05/16 v1.23 LaTeX kernel commands for general use (HO)
)
\Gread@gobject=\count105
))
\Gin@req@height=\dimen127
\Gin@req@width=\dimen128
)
(/usr/share/texlive/texmf-dist/tex/latex/pgf/systemlayer/pgfsys.sty
(/usr/share/texlive/texmf-dist/tex/latex/pgf/utilities/pgfrcs.sty
(/usr/share/texlive/texmf-dist/tex/generic/pgf/utilities/pgfutil-common.tex
\pgfutil@everybye=\toks16
\pgfutil@tempdima=\dimen129
\pgfutil@tempdimb=\dimen130

(/usr/share/texlive/texmf-dist/tex/generic/pgf/utilities/pgfutil-common-lists.t
ex)) (/usr/share/texlive/texmf-dist/tex/generic/pgf/utilities/pgfutil-latex.def
\pgfutil@abb=\box34
(/usr/share/texlive/texmf-dist/tex/latex/ms/everyshi.sty
Package: everyshi 2001/05/15 v3.00 EveryShipout Package (MS)
))
(/usr/share/texlive/texmf-dist/tex/generic/pgf/utilities/pgfrcs.code.tex
Package: pgfrcs 2015/08/07 v3.0.1a (rcs-revision 1.31)
))
(/usr/share/texlive/texmf-dist/tex/generic/pgf/systemlayer/pgfsys.code.tex
Package: pgfsys 2014/07/09 v3.0.1a (rcs-revision 1.48)

(/usr/share/texlive/texmf-dist/tex/generic/pgf/utilities/pgfkeys.code.tex
\pgfkeys@pathtoks=\toks17
\pgfkeys@temptoks=\toks18

(/usr/share/texlive/texmf-dist/tex/generic/pgf/utilities/pgfkeysfiltered.code.t
ex
\pgfkeys@tmptoks=\toks19
))
\pgf@x=\dimen131
\pgf@y=\dimen132
\pgf@xa=\dimen133
\pgf@ya=\dimen134
\pgf@xb=\dimen135
\pgf@yb=\dimen136
\pgf@xc=\dimen137
\pgf@yc=\dimen138
\w@pgf@writea=\write3
\r@pgf@reada=\read1
\c@pgf@counta=\count106
\c@pgf@countb=\count107
\c@pgf@countc=\count108
\c@pgf@countd=\count109
\t@pgf@toka=\toks20
\t@pgf@tokb=\toks21
\t@pgf@tokc=\toks22
 (/usr/share/texlive/texmf-dist/tex/generic/pgf/systemlayer/pgf.cfg
File: pgf.cfg 2008/05/14  (rcs-revision 1.7)
)
Driver file for pgf: pgfsys-pdftex.def

(/usr/share/texlive/texmf-dist/tex/generic/pgf/systemlayer/pgfsys-pdftex.def
File: pgfsys-pdftex.def 2014/10/11  (rcs-revision 1.35)

(/usr/share/texlive/texmf-dist/tex/generic/pgf/systemlayer/pgfsys-common-pdf.de
f
File: pgfsys-common-pdf.def 2013/10/10  (rcs-revision 1.13)
)))
(/usr/share/texlive/texmf-dist/tex/generic/pgf/systemlayer/pgfsyssoftpath.code.
tex
File: pgfsyssoftpath.code.tex 2013/09/09  (rcs-revision 1.9)
\pgfsyssoftpath@smallbuffer@items=\count110
\pgfsyssoftpath@bigbuffer@items=\count111
)
(/usr/share/texlive/texmf-dist/tex/generic/pgf/systemlayer/pgfsysprotocol.code.
tex
File: pgfsysprotocol.code.tex 2006/10/16  (rcs-revision 1.4)
)) (/usr/share/texlive/texmf-dist/tex/latex/xcolor/xcolor.sty
Package: xcolor 2016/05/11 v2.12 LaTeX color extensions (UK)

(/usr/share/texlive/texmf-dist/tex/latex/graphics-cfg/color.cfg
File: color.cfg 2016/01/02 v1.6 sample color configuration
)
Package xcolor Info: Driver file: pdftex.def on input line 225.
Package xcolor Info: Model `cmy' substituted by `cmy0' on input line 1348.
Package xcolor Info: Model `hsb' substituted by `rgb' on input line 1352.
Package xcolor Info: Model `RGB' extended on input line 1364.
Package xcolor Info: Model `HTML' substituted by `rgb' on input line 1366.
Package xcolor Info: Model `Hsb' substituted by `hsb' on input line 1367.
Package xcolor Info: Model `tHsb' substituted by `hsb' on input line 1368.
Package xcolor Info: Model `HSB' substituted by `hsb' on input line 1369.
Package xcolor Info: Model `Gray' substituted by `gray' on input line 1370.
Package xcolor Info: Model `wave' substituted by `hsb' on input line 1371.
)
(/usr/share/texlive/texmf-dist/tex/generic/pgf/basiclayer/pgfcore.code.tex
Package: pgfcore 2010/04/11 v3.0.1a (rcs-revision 1.7)

(/usr/share/texlive/texmf-dist/tex/generic/pgf/math/pgfmath.code.tex
(/usr/share/texlive/texmf-dist/tex/generic/pgf/math/pgfmathcalc.code.tex
(/usr/share/texlive/texmf-dist/tex/generic/pgf/math/pgfmathutil.code.tex)
(/usr/share/texlive/texmf-dist/tex/generic/pgf/math/pgfmathparser.code.tex
\pgfmath@dimen=\dimen139
\pgfmath@count=\count112
\pgfmath@box=\box35
\pgfmath@toks=\toks23
\pgfmath@stack@operand=\toks24
\pgfmath@stack@operation=\toks25
)
(/usr/share/texlive/texmf-dist/tex/generic/pgf/math/pgfmathfunctions.code.tex
(/usr/share/texlive/texmf-dist/tex/generic/pgf/math/pgfmathfunctions.basic.code
.tex)
(/usr/share/texlive/texmf-dist/tex/generic/pgf/math/pgfmathfunctions.trigonomet
ric.code.tex)
(/usr/share/texlive/texmf-dist/tex/generic/pgf/math/pgfmathfunctions.random.cod
e.tex)
(/usr/share/texlive/texmf-dist/tex/generic/pgf/math/pgfmathfunctions.comparison
.code.tex)
(/usr/share/texlive/texmf-dist/tex/generic/pgf/math/pgfmathfunctions.base.code.
tex)
(/usr/share/texlive/texmf-dist/tex/generic/pgf/math/pgfmathfunctions.round.code
.tex)
(/usr/share/texlive/texmf-dist/tex/generic/pgf/math/pgfmathfunctions.misc.code.
tex)
(/usr/share/texlive/texmf-dist/tex/generic/pgf/math/pgfmathfunctions.integerari
thmetics.code.tex)))
(/usr/share/texlive/texmf-dist/tex/generic/pgf/math/pgfmathfloat.code.tex
\c@pgfmathroundto@lastzeros=\count113
))
(/usr/share/texlive/texmf-dist/tex/generic/pgf/basiclayer/pgfcorepoints.code.te
x
File: pgfcorepoints.code.tex 2013/10/07  (rcs-revision 1.27)
\pgf@picminx=\dimen140
\pgf@picmaxx=\dimen141
\pgf@picminy=\dimen142
\pgf@picmaxy=\dimen143
\pgf@pathminx=\dimen144
\pgf@pathmaxx=\dimen145
\pgf@pathminy=\dimen146
\pgf@pathmaxy=\dimen147
\pgf@xx=\dimen148
\pgf@xy=\dimen149
\pgf@yx=\dimen150
\pgf@yy=\dimen151
\pgf@zx=\dimen152
\pgf@zy=\dimen153
)
(/usr/share/texlive/texmf-dist/tex/generic/pgf/basiclayer/pgfcorepathconstruct.
code.tex
File: pgfcorepathconstruct.code.tex 2013/10/07  (rcs-revision 1.29)
\pgf@path@lastx=\dimen154
\pgf@path@lasty=\dimen155
)
(/usr/share/texlive/texmf-dist/tex/generic/pgf/basiclayer/pgfcorepathusage.code
.tex
File: pgfcorepathusage.code.tex 2014/11/02  (rcs-revision 1.24)
\pgf@shorten@end@additional=\dimen156
\pgf@shorten@start@additional=\dimen157
)
(/usr/share/texlive/texmf-dist/tex/generic/pgf/basiclayer/pgfcorescopes.code.te
x
File: pgfcorescopes.code.tex 2015/05/08  (rcs-revision 1.46)
\pgfpic=\box36
\pgf@hbox=\box37
\pgf@layerbox@main=\box38
\pgf@picture@serial@count=\count114
)
(/usr/share/texlive/texmf-dist/tex/generic/pgf/basiclayer/pgfcoregraphicstate.c
ode.tex
File: pgfcoregraphicstate.code.tex 2014/11/02  (rcs-revision 1.12)
\pgflinewidth=\dimen158
)
(/usr/share/texlive/texmf-dist/tex/generic/pgf/basiclayer/pgfcoretransformation
s.code.tex
File: pgfcoretransformations.code.tex 2015/08/07  (rcs-revision 1.20)
\pgf@pt@x=\dimen159
\pgf@pt@y=\dimen160
\pgf@pt@temp=\dimen161
)
(/usr/share/texlive/texmf-dist/tex/generic/pgf/basiclayer/pgfcorequick.code.tex
File: pgfcorequick.code.tex 2008/10/09  (rcs-revision 1.3)
)
(/usr/share/texlive/texmf-dist/tex/generic/pgf/basiclayer/pgfcoreobjects.code.t
ex
File: pgfcoreobjects.code.tex 2006/10/11  (rcs-revision 1.2)
)
(/usr/share/texlive/texmf-dist/tex/generic/pgf/basiclayer/pgfcorepathprocessing
.code.tex
File: pgfcorepathprocessing.code.tex 2013/09/09  (rcs-revision 1.9)
)
(/usr/share/texlive/texmf-dist/tex/generic/pgf/basiclayer/pgfcorearrows.code.te
x
File: pgfcorearrows.code.tex 2015/05/14  (rcs-revision 1.43)
\pgfarrowsep=\dimen162
)
(/usr/share/texlive/texmf-dist/tex/generic/pgf/basiclayer/pgfcoreshade.code.tex
File: pgfcoreshade.code.tex 2013/07/15  (rcs-revision 1.15)
\pgf@max=\dimen163
\pgf@sys@shading@range@num=\count115
)
(/usr/share/texlive/texmf-dist/tex/generic/pgf/basiclayer/pgfcoreimage.code.tex
File: pgfcoreimage.code.tex 2013/07/15  (rcs-revision 1.18)

(/usr/share/texlive/texmf-dist/tex/generic/pgf/basiclayer/pgfcoreexternal.code.
tex
File: pgfcoreexternal.code.tex 2014/07/09  (rcs-revision 1.21)
\pgfexternal@startupbox=\box39
))
(/usr/share/texlive/texmf-dist/tex/generic/pgf/basiclayer/pgfcorelayers.code.te
x
File: pgfcorelayers.code.tex 2013/07/18  (rcs-revision 1.7)
)
(/usr/share/texlive/texmf-dist/tex/generic/pgf/basiclayer/pgfcoretransparency.c
ode.tex
File: pgfcoretransparency.code.tex 2013/09/30  (rcs-revision 1.5)
)
(/usr/share/texlive/texmf-dist/tex/generic/pgf/basiclayer/pgfcorepatterns.code.
tex
File: pgfcorepatterns.code.tex 2013/11/07  (rcs-revision 1.5)
))) (/usr/share/texlive/texmf-dist/tex/latex/pgf/utilities/xxcolor.sty
Package: xxcolor 2003/10/24 ver 0.1
\XC@nummixins=\count116
\XC@countmixins=\count117
)
(/usr/share/texlive/texmf-dist/tex/generic/oberdiek/atbegshi.sty
Package: atbegshi 2016/06/09 v1.18 At begin shipout hook (HO)
)
(/usr/share/texlive/texmf-dist/tex/latex/hyperref/hyperref.sty
Package: hyperref 2016/05/21 v6.83p Hypertext links for LaTeX

(/usr/share/texlive/texmf-dist/tex/generic/oberdiek/hobsub-hyperref.sty
Package: hobsub-hyperref 2016/05/16 v1.14 Bundle oberdiek, subset hyperref (HO)


(/usr/share/texlive/texmf-dist/tex/generic/oberdiek/hobsub-generic.sty
Package: hobsub-generic 2016/05/16 v1.14 Bundle oberdiek, subset generic (HO)
Package: hobsub 2016/05/16 v1.14 Construct package bundles (HO)
Package hobsub Info: Skipping package `infwarerr' (already loaded).
Package hobsub Info: Skipping package `ltxcmds' (already loaded).
Package: ifluatex 2016/05/16 v1.4 Provides the ifluatex switch (HO)
Package ifluatex Info: LuaTeX not detected.
Package hobsub Info: Skipping package `ifvtex' (already loaded).
Package: intcalc 2016/05/16 v1.2 Expandable calculations with integers (HO)
Package hobsub Info: Skipping package `ifpdf' (already loaded).
Package: etexcmds 2016/05/16 v1.6 Avoid name clashes with e-TeX commands (HO)
Package etexcmds Info: Could not find \expanded.
(etexcmds)             That can mean that you are not using pdfTeX 1.50 or
(etexcmds)             that some package has redefined \expanded.
(etexcmds)             In the latter case, load this package earlier.
Package: kvsetkeys 2016/05/16 v1.17 Key value parser (HO)
Package: kvdefinekeys 2016/05/16 v1.4 Define keys (HO)
Package: pdftexcmds 2016/05/21 v0.22 Utility functions of pdfTeX for LuaTeX (HO
)
Package pdftexcmds Info: LuaTeX not detected.
Package pdftexcmds Info: \pdf@primitive is available.
Package pdftexcmds Info: \pdf@ifprimitive is available.
Package pdftexcmds Info: \pdfdraftmode found.
Package: pdfescape 2016/05/16 v1.14 Implements pdfTeX's escape features (HO)
Package: bigintcalc 2016/05/16 v1.4 Expandable calculations on big integers (HO
)
Package: bitset 2016/05/16 v1.2 Handle bit-vector datatype (HO)
Package: uniquecounter 2016/05/16 v1.3 Provide unlimited unique counter (HO)
)
Package hobsub Info: Skipping package `hobsub' (already loaded).
Package: letltxmacro 2016/05/16 v1.5 Let assignment for LaTeX macros (HO)
Package: hopatch 2016/05/16 v1.3 Wrapper for package hooks (HO)
Package: xcolor-patch 2016/05/16 xcolor patch
Package: atveryend 2016/05/16 v1.9 Hooks at the very end of document (HO)
Package atveryend Info: \enddocument detected (standard20110627).
Package hobsub Info: Skipping package `atbegshi' (already loaded).
Package: refcount 2016/05/16 v3.5 Data extraction from label references (HO)
Package: hycolor 2016/05/16 v1.8 Color options for hyperref/bookmark (HO)
)
(/usr/share/texlive/texmf-dist/tex/latex/oberdiek/auxhook.sty
Package: auxhook 2016/05/16 v1.4 Hooks for auxiliary files (HO)
)
(/usr/share/texlive/texmf-dist/tex/latex/oberdiek/kvoptions.sty
Package: kvoptions 2016/05/16 v3.12 Key value format for package options (HO)
)
\@linkdim=\dimen164
\Hy@linkcounter=\count118
\Hy@pagecounter=\count119

(/usr/share/texlive/texmf-dist/tex/latex/hyperref/pd1enc.def
File: pd1enc.def 2016/05/21 v6.83p Hyperref: PDFDocEncoding definition (HO)
)
\Hy@SavedSpaceFactor=\count120

(/usr/share/texlive/texmf-dist/tex/latex/latexconfig/hyperref.cfg
File: hyperref.cfg 2002/06/06 v1.2 hyperref configuration of TeXLive
)
Package hyperref Info: Option `bookmarks' set `true' on input line 4362.
Package hyperref Info: Option `bookmarksopen' set `true' on input line 4362.
Package hyperref Info: Option `implicit' set `false' on input line 4362.
Package hyperref Info: Hyper figures OFF on input line 4486.
Package hyperref Info: Link nesting OFF on input line 4491.
Package hyperref Info: Hyper index ON on input line 4494.
Package hyperref Info: Plain pages OFF on input line 4501.
Package hyperref Info: Backreferencing OFF on input line 4506.
Package hyperref Info: Implicit mode OFF; no redefinition of LaTeX internals.
Package hyperref Info: Bookmarks ON on input line 4735.
\c@Hy@tempcnt=\count121

(/usr/share/texlive/texmf-dist/tex/latex/url/url.sty
\Urlmuskip=\muskip10
Package: url 2013/09/16  ver 3.4  Verb mode for urls, etc.
)
LaTeX Info: Redefining \url on input line 5088.
\XeTeXLinkMargin=\dimen165
\Fld@menulength=\count122
\Field@Width=\dimen166
\Fld@charsize=\dimen167
Package hyperref Info: Hyper figures OFF on input line 6342.
Package hyperref Info: Link nesting OFF on input line 6347.
Package hyperref Info: Hyper index ON on input line 6350.
Package hyperref Info: backreferencing OFF on input line 6357.
Package hyperref Info: Link coloring OFF on input line 6362.
Package hyperref Info: Link coloring with OCG OFF on input line 6367.
Package hyperref Info: PDF/A mode OFF on input line 6372.
LaTeX Info: Redefining \ref on input line 6412.
LaTeX Info: Redefining \pageref on input line 6416.
\Hy@abspage=\count123


Package hyperref Message: Stopped early.

)

Package hyperref Message: Driver (autodetected): hpdftex.

(/usr/share/texlive/texmf-dist/tex/latex/hyperref/hpdftex.def
File: hpdftex.def 2016/05/21 v6.83p Hyperref driver for pdfTeX
\Fld@listcount=\count124
\c@bookmark@seq@number=\count125

(/usr/share/texlive/texmf-dist/tex/latex/oberdiek/rerunfilecheck.sty
Package: rerunfilecheck 2016/05/16 v1.8 Rerun checks for auxiliary files (HO)
Package uniquecounter Info: New unique counter `rerunfilecheck' on input line 2
82.
))
(/usr/share/texlive/texmf-dist/tex/latex/beamer/beamerbaserequires.sty
Package: beamerbaserequires 2010/05/01  (rcs-revision efa082c6111d)

(/usr/share/texlive/texmf-dist/tex/latex/beamer/beamerbasecompatibility.sty
Package: beamerbasecompatibility 2012/05/01  (rcs-revision 67c48b3b652d)
)
(/usr/share/texlive/texmf-dist/tex/latex/beamer/beamerbasefont.sty
Package: beamerbasefont 2015/01/05  (rcs-revision b4b4bee242e2)

(/usr/share/texlive/texmf-dist/tex/latex/amsfonts/amssymb.sty
Package: amssymb 2013/01/14 v3.01 AMS font symbols

(/usr/share/texlive/texmf-dist/tex/latex/amsfonts/amsfonts.sty
Package: amsfonts 2013/01/14 v3.01 Basic AMSFonts support
\@emptytoks=\toks26
\symAMSa=\mathgroup4
\symAMSb=\mathgroup5
LaTeX Font Info:    Overwriting math alphabet `\mathfrak' in version `bold'
(Font)                  U/euf/m/n --> U/euf/b/n on input line 106.
))
(/usr/share/texlive/texmf-dist/tex/latex/sansmathaccent/sansmathaccent.sty
Package: sansmathaccent 2013/03/28

(/usr/share/texlive/texmf-dist/tex/latex/filehook/filehook.sty
Package: filehook 2011/10/12 v0.5d Hooks for input files
)))
(/usr/share/texlive/texmf-dist/tex/latex/beamer/beamerbasetranslator.sty
Package: beamerbasetranslator 2010/06/11  (rcs-revision 85fd1cc7fc42)

(/usr/share/texlive/texmf-dist/tex/latex/beamer/translator/translator.sty
Package: translator 2010/06/12 ver 1.10

(/usr/share/texlive/texmf-dist/tex/latex/beamer/translator/translator-language-
mappings.tex)))
(/usr/share/texlive/texmf-dist/tex/latex/beamer/beamerbasemisc.sty
Package: beamerbasemisc 2013/09/03  (rcs-revision a55719c41d85)
)
(/usr/share/texlive/texmf-dist/tex/latex/beamer/beamerbasetwoscreens.sty
Package: beamerbasetwoscreens 2010/05/01  (rcs-revision efa082c6111d)
)
(/usr/share/texlive/texmf-dist/tex/latex/beamer/beamerbaseoverlay.sty
Package: beamerbaseoverlay 2013/12/25  (rcs-revision f6bd5e3805da)
\beamer@argscount=\count126
\beamer@lastskipcover=\skip44
\beamer@trivlistdepth=\count127
)
(/usr/share/texlive/texmf-dist/tex/latex/beamer/beamerbasetitle.sty
Package: beamerbasetitle 2010/09/21  (rcs-revision f0446ed0b6ae)
)
(/usr/share/texlive/texmf-dist/tex/latex/beamer/beamerbasesection.sty
Package: beamerbasesection 2013/06/07  (rcs-revision 60b9fe0f342f)
\c@lecture=\count128
\c@part=\count129
\c@section=\count130
\c@subsection=\count131
\c@subsubsection=\count132
)
(/usr/share/texlive/texmf-dist/tex/latex/beamer/beamerbaseframe.sty
Package: beamerbaseframe 2014/02/20  (rcs-revision 4b8ceeeff434)
\beamer@framebox=\box40
\beamer@frametitlebox=\box41
\beamer@zoombox=\box42
\beamer@zoomcount=\count133
\beamer@zoomframecount=\count134
\beamer@frametextheight=\dimen168
\c@subsectionslide=\count135
\beamer@frametopskip=\skip45
\beamer@framebottomskip=\skip46
\beamer@frametopskipautobreak=\skip47
\beamer@framebottomskipautobreak=\skip48
\beamer@envbody=\toks27
\framewidth=\dimen169
\c@framenumber=\count136
)
(/usr/share/texlive/texmf-dist/tex/latex/beamer/beamerbaseverbatim.sty
Package: beamerbaseverbatim 2015/01/05  (rcs-revision 431510bb5890)
\beamer@verbatimfileout=\write4
)
(/usr/share/texlive/texmf-dist/tex/latex/beamer/beamerbaseframesize.sty
Package: beamerbaseframesize 2011/09/12  (rcs-revision 70f9d8411e54)
\beamer@splitbox=\box43
\beamer@autobreakcount=\count137
\beamer@autobreaklastheight=\dimen170
\beamer@frametitletoks=\toks28
\beamer@framesubtitletoks=\toks29
)
(/usr/share/texlive/texmf-dist/tex/latex/beamer/beamerbaseframecomponents.sty
Package: beamerbaseframecomponents 2013/10/18  (rcs-revision 5cf6c5555a45)
\beamer@footins=\box44
)
(/usr/share/texlive/texmf-dist/tex/latex/beamer/beamerbasecolor.sty
Package: beamerbasecolor 2015/02/21  (rcs-revision d944b04ee2d5)
)
(/usr/share/texlive/texmf-dist/tex/latex/beamer/beamerbasenotes.sty
Package: beamerbasenotes 2012/12/19  (rcs-revision 1686da3db3c9)
\beamer@frameboxcopy=\box45
)
(/usr/share/texlive/texmf-dist/tex/latex/beamer/beamerbasetoc.sty
Package: beamerbasetoc 2015/03/08  (rcs-revision 7270298bbaae)
)
(/usr/share/texlive/texmf-dist/tex/latex/beamer/beamerbasetemplates.sty
Package: beamerbasetemplates 2010/05/01  (rcs-revision efa082c6111d)
\beamer@sbttoks=\toks30

(/usr/share/texlive/texmf-dist/tex/latex/beamer/beamerbaseauxtemplates.sty
Package: beamerbaseauxtemplates 2014/06/30  (rcs-revision 580088513a67)

(/usr/share/texlive/texmf-dist/tex/latex/beamer/beamerbaseboxes.sty
Package: beamerbaseboxes 2012/05/13  (rcs-revision 56972908a390)
\bmb@box=\box46
\bmb@colorbox=\box47
\bmb@boxshadow=\box48
\bmb@boxshadowball=\box49
\bmb@boxshadowballlarge=\box50
\bmb@temp=\dimen171
\bmb@dima=\dimen172
\bmb@dimb=\dimen173
\bmb@prevheight=\dimen174
)
\beamer@blockheadheight=\dimen175
))
(/usr/share/texlive/texmf-dist/tex/latex/beamer/beamerbaselocalstructure.sty
Package: beamerbaselocalstructure 2014/09/10  (rcs-revision 393f6dcff371)

(/usr/share/texlive/texmf-dist/tex/latex/tools/enumerate.sty
Package: enumerate 2015/07/23 v3.00 enumerate extensions (DPC)
\@enLab=\toks31
)
\c@figure=\count138
\c@table=\count139
\abovecaptionskip=\skip49
\belowcaptionskip=\skip50
)
(/usr/share/texlive/texmf-dist/tex/latex/beamer/beamerbasenavigation.sty
Package: beamerbasenavigation 2015/02/27  (rcs-revision 923f4bf87efa)
\beamer@section@min@dim=\dimen176
)
(/usr/share/texlive/texmf-dist/tex/latex/beamer/beamerbasetheorems.sty
Package: beamerbasetheorems 2010/06/06  (rcs-revision 7e7cc5e53e9d)

(/usr/share/texlive/texmf-dist/tex/latex/amsmath/amsmath.sty
Package: amsmath 2016/06/28 v2.15d AMS math features
\@mathmargin=\skip51

For additional information on amsmath, use the `?' option.
(/usr/share/texlive/texmf-dist/tex/latex/amsmath/amstext.sty
Package: amstext 2000/06/29 v2.01 AMS text

(/usr/share/texlive/texmf-dist/tex/latex/amsmath/amsgen.sty
File: amsgen.sty 1999/11/30 v2.0 generic functions
\@emptytoks=\toks32
\ex@=\dimen177
))
(/usr/share/texlive/texmf-dist/tex/latex/amsmath/amsbsy.sty
Package: amsbsy 1999/11/29 v1.2d Bold Symbols
\pmbraise@=\dimen178
)
(/usr/share/texlive/texmf-dist/tex/latex/amsmath/amsopn.sty
Package: amsopn 2016/03/08 v2.02 operator names
)
\inf@bad=\count140
LaTeX Info: Redefining \frac on input line 199.
\uproot@=\count141
\leftroot@=\count142
LaTeX Info: Redefining \overline on input line 297.
\classnum@=\count143
\DOTSCASE@=\count144
LaTeX Info: Redefining \ldots on input line 394.
LaTeX Info: Redefining \dots on input line 397.
LaTeX Info: Redefining \cdots on input line 518.
\Mathstrutbox@=\box51
\strutbox@=\box52
\big@size=\dimen179
LaTeX Font Info:    Redeclaring font encoding OML on input line 634.
LaTeX Font Info:    Redeclaring font encoding OMS on input line 635.
\macc@depth=\count145
\c@MaxMatrixCols=\count146
\dotsspace@=\muskip11
\c@parentequation=\count147
\dspbrk@lvl=\count148
\tag@help=\toks33
\row@=\count149
\column@=\count150
\maxfields@=\count151
\andhelp@=\toks34
\eqnshift@=\dimen180
\alignsep@=\dimen181
\tagshift@=\dimen182
\tagwidth@=\dimen183
\totwidth@=\dimen184
\lineht@=\dimen185
\@envbody=\toks35
\multlinegap=\skip52
\multlinetaggap=\skip53
\mathdisplay@stack=\toks36
LaTeX Info: Redefining \[ on input line 2739.
LaTeX Info: Redefining \] on input line 2740.
)
(/usr/share/texlive/texmf-dist/tex/latex/amscls/amsthm.sty
Package: amsthm 2015/03/04 v2.20.2
\thm@style=\toks37
\thm@bodyfont=\toks38
\thm@headfont=\toks39
\thm@notefont=\toks40
\thm@headpunct=\toks41
\thm@preskip=\skip54
\thm@postskip=\skip55
\thm@headsep=\skip56
\dth@everypar=\toks42
)
\c@theorem=\count152
)
(/usr/share/texlive/texmf-dist/tex/latex/beamer/beamerbasethemes.sty
Package: beamerbasethemes 2010/05/01  (rcs-revision efa082c6111d)
))
(/usr/share/texlive/texmf-dist/tex/latex/beamer/themes/theme/beamerthemedefault
.sty
Package: beamerthemedefault 2010/06/17  (rcs-revision d02a7cf4d8ae)

(/usr/share/texlive/texmf-dist/tex/latex/beamer/themes/font/beamerfontthemedefa
ult.sty
Package: beamerfontthemedefault 2012/12/19  (rcs-revision 1686da3db3c9)
)
(/usr/share/texlive/texmf-dist/tex/latex/beamer/themes/color/beamercolorthemede
fault.sty
Package: beamercolorthemedefault 2012/12/19  (rcs-revision 1686da3db3c9)
)
(/usr/share/texlive/texmf-dist/tex/latex/beamer/themes/inner/beamerinnerthemede
fault.sty
Package: beamerinnerthemedefault 2014/06/30  (rcs-revision 580088513a67)
\beamer@dima=\dimen186
\beamer@dimb=\dimen187
)
(/usr/share/texlive/texmf-dist/tex/latex/beamer/themes/outer/beamerouterthemede
fault.sty
Package: beamerouterthemedefault 2012/12/19  (rcs-revision 1686da3db3c9)
))) (/usr/share/texlive/texmf-dist/tex/latex/listings/listings.sty
\lst@mode=\count153
\lst@gtempboxa=\box53
\lst@token=\toks43
\lst@length=\count154
\lst@currlwidth=\dimen188
\lst@column=\count155
\lst@pos=\count156
\lst@lostspace=\dimen189
\lst@width=\dimen190
\lst@newlines=\count157
\lst@lineno=\count158
\lst@maxwidth=\dimen191

(/usr/share/texlive/texmf-dist/tex/latex/listings/lstmisc.sty
File: lstmisc.sty 2015/06/04 1.6 (Carsten Heinz)
\c@lstnumber=\count159
\lst@skipnumbers=\count160
\lst@framebox=\box54
)
(/usr/share/texlive/texmf-dist/tex/latex/listings/listings.cfg
File: listings.cfg 2015/06/04 1.6 listings configuration
))
Package: listings 2015/06/04 1.6 (Carsten Heinz)

(/usr/share/texlive/texmf-dist/tex/latex/pgf/basiclayer/pgf.sty
Package: pgf 2015/08/07 v3.0.1a (rcs-revision 1.15)

(/usr/share/texlive/texmf-dist/tex/generic/pgf/modules/pgfmoduleshapes.code.tex
File: pgfmoduleshapes.code.tex 2014/03/21  (rcs-revision 1.35)
\pgfnodeparttextbox=\box55
) (/usr/share/texlive/texmf-dist/tex/generic/pgf/modules/pgfmoduleplot.code.tex
File: pgfmoduleplot.code.tex 2015/08/03  (rcs-revision 1.13)
)
(/usr/share/texlive/texmf-dist/tex/latex/pgf/compatibility/pgfcomp-version-0-65
.sty
Package: pgfcomp-version-0-65 2007/07/03 v3.0.1a (rcs-revision 1.7)
\pgf@nodesepstart=\dimen192
\pgf@nodesepend=\dimen193
)
(/usr/share/texlive/texmf-dist/tex/latex/pgf/compatibility/pgfcomp-version-1-18
.sty
Package: pgfcomp-version-1-18 2007/07/23 v3.0.1a (rcs-revision 1.1)
)) (/usr/share/texlive/texmf-dist/tex/latex/pgf/utilities/pgfpages.sty
Package: pgfpages 2011/01/05 ver 0.02

(/usr/share/texlive/texmf-dist/tex/latex/tools/calc.sty
Package: calc 2014/10/28 v4.3 Infix arithmetic (KKT,FJ)
\calc@Acount=\count161
\calc@Bcount=\count162
\calc@Adimen=\dimen194
\calc@Bdimen=\dimen195
\calc@Askip=\skip57
\calc@Bskip=\skip58
LaTeX Info: Redefining \setlength on input line 80.
LaTeX Info: Redefining \addtolength on input line 81.
\calc@Ccount=\count163
\calc@Cskip=\skip59
)
\pgf@logicalpages=\count164
\pgf@firstshipout=\count165
\pgf@lastshipout=\count166
\pgf@currentshipout=\count167
\pgf@cpn=\count168
\pgf@shipoutnextto=\count169
\pgfphysicalheight=\dimen196
\pgfphysicalwidth=\dimen197
\pgfpages@shipoutbox=\box56
)
(/usr/share/texlive/texmf-dist/tex/latex/units/units.sty
Package: units 1998/08/04 v0.9b Typesetting units

(/usr/share/texlive/texmf-dist/tex/latex/base/ifthen.sty
Package: ifthen 2014/09/29 v1.1c Standard LaTeX ifthen package (DPC)
)
(/usr/share/texlive/texmf-dist/tex/latex/units/nicefrac.sty
Package: nicefrac 1998/08/04 v0.9b Nice fractions
\L@UnitsRaiseDisplaystyle=\skip60
\L@UnitsRaiseTextstyle=\skip61
\L@UnitsRaiseScriptstyle=\skip62
))
(/usr/share/texlive/texmf-dist/tex/latex/base/inputenc.sty
Package: inputenc 2015/03/17 v1.2c Input encoding file
\inpenc@prehook=\toks44
\inpenc@posthook=\toks45

(/usr/share/texlive/texmf-dist/tex/latex/base/utf8.def
File: utf8.def 2016/02/28 v1.1s UTF-8 support for inputenc
Now handling font encoding OML ...
... no UTF-8 mapping file for font encoding OML
Now handling font encoding T1 ...
... processing UTF-8 mapping file for font encoding T1

(/usr/share/texlive/texmf-dist/tex/latex/base/t1enc.dfu
File: t1enc.dfu 2016/02/28 v1.1s UTF-8 support for inputenc
   defining Unicode char U+00A0 (decimal 160)
   defining Unicode char U+00A1 (decimal 161)
   defining Unicode char U+00A3 (decimal 163)
   defining Unicode char U+00AB (decimal 171)
   defining Unicode char U+00AD (decimal 173)
   defining Unicode char U+00BB (decimal 187)
   defining Unicode char U+00BF (decimal 191)
   defining Unicode char U+00C0 (decimal 192)
   defining Unicode char U+00C1 (decimal 193)
   defining Unicode char U+00C2 (decimal 194)
   defining Unicode char U+00C3 (decimal 195)
   defining Unicode char U+00C4 (decimal 196)
   defining Unicode char U+00C5 (decimal 197)
   defining Unicode char U+00C6 (decimal 198)
   defining Unicode char U+00C7 (decimal 199)
   defining Unicode char U+00C8 (decimal 200)
   defining Unicode char U+00C9 (decimal 201)
   defining Unicode char U+00CA (decimal 202)
   defining Unicode char U+00CB (decimal 203)
   defining Unicode char U+00CC (decimal 204)
   defining Unicode char U+00CD (decimal 205)
   defining Unicode char U+00CE (decimal 206)
   defining Unicode char U+00CF (decimal 207)
   defining Unicode char U+00D0 (decimal 208)
   defining Unicode char U+00D1 (decimal 209)
   defining Unicode char U+00D2 (decimal 210)
   defining Unicode char U+00D3 (decimal 211)
   defining Unicode char U+00D4 (decimal 212)
   defining Unicode char U+00D5 (decimal 213)
   defining Unicode char U+00D6 (decimal 214)
   defining Unicode char U+00D8 (decimal 216)
   defining Unicode char U+00D9 (decimal 217)
   defining Unicode char U+00DA (decimal 218)
   defining Unicode char U+00DB (decimal 219)
   defining Unicode char U+00DC (decimal 220)
   defining Unicode char U+00DD (decimal 221)
   defining Unicode char U+00DE (decimal 222)
   defining Unicode char U+00DF (decimal 223)
   defining Unicode char U+00E0 (decimal 224)
   defining Unicode char U+00E1 (decimal 225)
   defining Unicode char U+00E2 (decimal 226)
   defining Unicode char U+00E3 (decimal 227)
   defining Unicode char U+00E4 (decimal 228)
   defining Unicode char U+00E5 (decimal 229)
   defining Unicode char U+00E6 (decimal 230)
   defining Unicode char U+00E7 (decimal 231)
   defining Unicode char U+00E8 (decimal 232)
   defining Unicode char U+00E9 (decimal 233)
   defining Unicode char U+00EA (decimal 234)
   defining Unicode char U+00EB (decimal 235)
   defining Unicode char U+00EC (decimal 236)
   defining Unicode char U+00ED (decimal 237)
   defining Unicode char U+00EE (decimal 238)
   defining Unicode char U+00EF (decimal 239)
   defining Unicode char U+00F0 (decimal 240)
   defining Unicode char U+00F1 (decimal 241)
   defining Unicode char U+00F2 (decimal 242)
   defining Unicode char U+00F3 (decimal 243)
   defining Unicode char U+00F4 (decimal 244)
   defining Unicode char U+00F5 (decimal 245)
   defining Unicode char U+00F6 (decimal 246)
   defining Unicode char U+00F8 (decimal 248)
   defining Unicode char U+00F9 (decimal 249)
   defining Unicode char U+00FA (decimal 250)
   defining Unicode char U+00FB (decimal 251)
   defining Unicode char U+00FC (decimal 252)
   defining Unicode char U+00FD (decimal 253)
   defining Unicode char U+00FE (decimal 254)
   defining Unicode char U+00FF (decimal 255)
   defining Unicode char U+0100 (decimal 256)
   defining Unicode char U+0101 (decimal 257)
   defining Unicode char U+0102 (decimal 258)
   defining Unicode char U+0103 (decimal 259)
   defining Unicode char U+0104 (decimal 260)
   defining Unicode char U+0105 (decimal 261)
   defining Unicode char U+0106 (decimal 262)
   defining Unicode char U+0107 (decimal 263)
   defining Unicode char U+0108 (decimal 264)
   defining Unicode char U+0109 (decimal 265)
   defining Unicode char U+010A (decimal 266)
   defining Unicode char U+010B (decimal 267)
   defining Unicode char U+010C (decimal 268)
   defining Unicode char U+010D (decimal 269)
   defining Unicode char U+010E (decimal 270)
   defining Unicode char U+010F (decimal 271)
   defining Unicode char U+0110 (decimal 272)
   defining Unicode char U+0111 (decimal 273)
   defining Unicode char U+0112 (decimal 274)
   defining Unicode char U+0113 (decimal 275)
   defining Unicode char U+0114 (decimal 276)
   defining Unicode char U+0115 (decimal 277)
   defining Unicode char U+0116 (decimal 278)
   defining Unicode char U+0117 (decimal 279)
   defining Unicode char U+0118 (decimal 280)
   defining Unicode char U+0119 (decimal 281)
   defining Unicode char U+011A (decimal 282)
   defining Unicode char U+011B (decimal 283)
   defining Unicode char U+011C (decimal 284)
   defining Unicode char U+011D (decimal 285)
   defining Unicode char U+011E (decimal 286)
   defining Unicode char U+011F (decimal 287)
   defining Unicode char U+0120 (decimal 288)
   defining Unicode char U+0121 (decimal 289)
   defining Unicode char U+0122 (decimal 290)
   defining Unicode char U+0123 (decimal 291)
   defining Unicode char U+0124 (decimal 292)
   defining Unicode char U+0125 (decimal 293)
   defining Unicode char U+0128 (decimal 296)
   defining Unicode char U+0129 (decimal 297)
   defining Unicode char U+012A (decimal 298)
   defining Unicode char U+012B (decimal 299)
   defining Unicode char U+012C (decimal 300)
   defining Unicode char U+012D (decimal 301)
   defining Unicode char U+012E (decimal 302)
   defining Unicode char U+012F (decimal 303)
   defining Unicode char U+0130 (decimal 304)
   defining Unicode char U+0131 (decimal 305)
   defining Unicode char U+0132 (decimal 306)
   defining Unicode char U+0133 (decimal 307)
   defining Unicode char U+0134 (decimal 308)
   defining Unicode char U+0135 (decimal 309)
   defining Unicode char U+0136 (decimal 310)
   defining Unicode char U+0137 (decimal 311)
   defining Unicode char U+0139 (decimal 313)
   defining Unicode char U+013A (decimal 314)
   defining Unicode char U+013B (decimal 315)
   defining Unicode char U+013C (decimal 316)
   defining Unicode char U+013D (decimal 317)
   defining Unicode char U+013E (decimal 318)
   defining Unicode char U+0141 (decimal 321)
   defining Unicode char U+0142 (decimal 322)
   defining Unicode char U+0143 (decimal 323)
   defining Unicode char U+0144 (decimal 324)
   defining Unicode char U+0145 (decimal 325)
   defining Unicode char U+0146 (decimal 326)
   defining Unicode char U+0147 (decimal 327)
   defining Unicode char U+0148 (decimal 328)
   defining Unicode char U+014A (decimal 330)
   defining Unicode char U+014B (decimal 331)
   defining Unicode char U+014C (decimal 332)
   defining Unicode char U+014D (decimal 333)
   defining Unicode char U+014E (decimal 334)
   defining Unicode char U+014F (decimal 335)
   defining Unicode char U+0150 (decimal 336)
   defining Unicode char U+0151 (decimal 337)
   defining Unicode char U+0152 (decimal 338)
   defining Unicode char U+0153 (decimal 339)
   defining Unicode char U+0154 (decimal 340)
   defining Unicode char U+0155 (decimal 341)
   defining Unicode char U+0156 (decimal 342)
   defining Unicode char U+0157 (decimal 343)
   defining Unicode char U+0158 (decimal 344)
   defining Unicode char U+0159 (decimal 345)
   defining Unicode char U+015A (decimal 346)
   defining Unicode char U+015B (decimal 347)
   defining Unicode char U+015C (decimal 348)
   defining Unicode char U+015D (decimal 349)
   defining Unicode char U+015E (decimal 350)
   defining Unicode char U+015F (decimal 351)
   defining Unicode char U+0160 (decimal 352)
   defining Unicode char U+0161 (decimal 353)
   defining Unicode char U+0162 (decimal 354)
   defining Unicode char U+0163 (decimal 355)
   defining Unicode char U+0164 (decimal 356)
   defining Unicode char U+0165 (decimal 357)
   defining Unicode char U+0168 (decimal 360)
   defining Unicode char U+0169 (decimal 361)
   defining Unicode char U+016A (decimal 362)
   defining Unicode char U+016B (decimal 363)
   defining Unicode char U+016C (decimal 364)
   defining Unicode char U+016D (decimal 365)
   defining Unicode char U+016E (decimal 366)
   defining Unicode char U+016F (decimal 367)
   defining Unicode char U+0170 (decimal 368)
   defining Unicode char U+0171 (decimal 369)
   defining Unicode char U+0172 (decimal 370)
   defining Unicode char U+0173 (decimal 371)
   defining Unicode char U+0174 (decimal 372)
   defining Unicode char U+0175 (decimal 373)
   defining Unicode char U+0176 (decimal 374)
   defining Unicode char U+0177 (decimal 375)
   defining Unicode char U+0178 (decimal 376)
   defining Unicode char U+0179 (decimal 377)
   defining Unicode char U+017A (decimal 378)
   defining Unicode char U+017B (decimal 379)
   defining Unicode char U+017C (decimal 380)
   defining Unicode char U+017D (decimal 381)
   defining Unicode char U+017E (decimal 382)
   defining Unicode char U+01CD (decimal 461)
   defining Unicode char U+01CE (decimal 462)
   defining Unicode char U+01CF (decimal 463)
   defining Unicode char U+01D0 (decimal 464)
   defining Unicode char U+01D1 (decimal 465)
   defining Unicode char U+01D2 (decimal 466)
   defining Unicode char U+01D3 (decimal 467)
   defining Unicode char U+01D4 (decimal 468)
   defining Unicode char U+01E2 (decimal 482)
   defining Unicode char U+01E3 (decimal 483)
   defining Unicode char U+01E6 (decimal 486)
   defining Unicode char U+01E7 (decimal 487)
   defining Unicode char U+01E8 (decimal 488)
   defining Unicode char U+01E9 (decimal 489)
   defining Unicode char U+01EA (decimal 490)
   defining Unicode char U+01EB (decimal 491)
   defining Unicode char U+01F0 (decimal 496)
   defining Unicode char U+01F4 (decimal 500)
   defining Unicode char U+01F5 (decimal 501)
   defining Unicode char U+0218 (decimal 536)
   defining Unicode char U+0219 (decimal 537)
   defining Unicode char U+021A (decimal 538)
   defining Unicode char U+021B (decimal 539)
   defining Unicode char U+1E02 (decimal 7682)
   defining Unicode char U+1E03 (decimal 7683)
   defining Unicode char U+200C (decimal 8204)
   defining Unicode char U+2010 (decimal 8208)
   defining Unicode char U+2011 (decimal 8209)
   defining Unicode char U+2012 (decimal 8210)
   defining Unicode char U+2013 (decimal 8211)
   defining Unicode char U+2014 (decimal 8212)
   defining Unicode char U+2015 (decimal 8213)
   defining Unicode char U+2018 (decimal 8216)
   defining Unicode char U+2019 (decimal 8217)
   defining Unicode char U+201A (decimal 8218)
   defining Unicode char U+201C (decimal 8220)
   defining Unicode char U+201D (decimal 8221)
   defining Unicode char U+201E (decimal 8222)
   defining Unicode char U+2030 (decimal 8240)
   defining Unicode char U+2031 (decimal 8241)
   defining Unicode char U+2039 (decimal 8249)
   defining Unicode char U+203A (decimal 8250)
   defining Unicode char U+2423 (decimal 9251)
)
Now handling font encoding OT1 ...
... processing UTF-8 mapping file for font encoding OT1

(/usr/share/texlive/texmf-dist/tex/latex/base/ot1enc.dfu
File: ot1enc.dfu 2016/02/28 v1.1s UTF-8 support for inputenc
   defining Unicode char U+00A0 (decimal 160)
   defining Unicode char U+00A1 (decimal 161)
   defining Unicode char U+00A3 (decimal 163)
   defining Unicode char U+00AD (decimal 173)
   defining Unicode char U+00B8 (decimal 184)
   defining Unicode char U+00BF (decimal 191)
   defining Unicode char U+00C5 (decimal 197)
   defining Unicode char U+00C6 (decimal 198)
   defining Unicode char U+00D8 (decimal 216)
   defining Unicode char U+00DF (decimal 223)
   defining Unicode char U+00E6 (decimal 230)
   defining Unicode char U+00EC (decimal 236)
   defining Unicode char U+00ED (decimal 237)
   defining Unicode char U+00EE (decimal 238)
   defining Unicode char U+00EF (decimal 239)
   defining Unicode char U+00F8 (decimal 248)
   defining Unicode char U+0131 (decimal 305)
   defining Unicode char U+0141 (decimal 321)
   defining Unicode char U+0142 (decimal 322)
   defining Unicode char U+0152 (decimal 338)
   defining Unicode char U+0153 (decimal 339)
   defining Unicode char U+0174 (decimal 372)
   defining Unicode char U+0175 (decimal 373)
   defining Unicode char U+0176 (decimal 374)
   defining Unicode char U+0177 (decimal 375)
   defining Unicode char U+0218 (decimal 536)
   defining Unicode char U+0219 (decimal 537)
   defining Unicode char U+021A (decimal 538)
   defining Unicode char U+021B (decimal 539)
   defining Unicode char U+2013 (decimal 8211)
   defining Unicode char U+2014 (decimal 8212)
   defining Unicode char U+2018 (decimal 8216)
   defining Unicode char U+2019 (decimal 8217)
   defining Unicode char U+201C (decimal 8220)
   defining Unicode char U+201D (decimal 8221)
)
Now handling font encoding OMS ...
... processing UTF-8 mapping file for font encoding OMS

(/usr/share/texlive/texmf-dist/tex/latex/base/omsenc.dfu
File: omsenc.dfu 2016/02/28 v1.1s UTF-8 support for inputenc
   defining Unicode char U+00A7 (decimal 167)
   defining Unicode char U+00B6 (decimal 182)
   defining Unicode char U+00B7 (decimal 183)
   defining Unicode char U+2020 (decimal 8224)
   defining Unicode char U+2021 (decimal 8225)
   defining Unicode char U+2022 (decimal 8226)
)
Now handling font encoding OMX ...
... no UTF-8 mapping file for font encoding OMX
Now handling font encoding U ...
... no UTF-8 mapping file for font encoding U
Now handling font encoding PD1 ...
... no UTF-8 mapping file for font encoding PD1
   defining Unicode char U+00A9 (decimal 169)
   defining Unicode char U+00AA (decimal 170)
   defining Unicode char U+00AE (decimal 174)
   defining Unicode char U+00BA (decimal 186)
   defining Unicode char U+02C6 (decimal 710)
   defining Unicode char U+02DC (decimal 732)
   defining Unicode char U+200C (decimal 8204)
   defining Unicode char U+2026 (decimal 8230)
   defining Unicode char U+2122 (decimal 8482)
   defining Unicode char U+2423 (decimal 9251)
))
(/usr/share/texlive/texmf-dist/tex/latex/pstricks/pstricks.sty
Package: pstricks 2015/11/14 v0.62 LaTeX wrapper for `PSTricks' (RN,HV)

(/usr/share/texlive/texmf-dist/tex/generic/pstricks/pstricks.tex
(/usr/share/texlive/texmf-dist/tex/generic/xkeyval/pst-xkey.tex
File: pst-xkey.tex 2005/11/25 v1.6 PSTricks specialization of xkeyval (HA)

(/usr/share/texlive/texmf-dist/tex/latex/xkeyval/xkeyval.sty
Package: xkeyval 2014/12/03 v2.7a package option processing (HA)

(/usr/share/texlive/texmf-dist/tex/generic/xkeyval/xkeyval.tex
(/usr/share/texlive/texmf-dist/tex/generic/xkeyval/xkvutils.tex
\XKV@toks=\toks46
\XKV@tempa@toks=\toks47
)
\XKV@depth=\count170
File: xkeyval.tex 2014/12/03 v2.7a key=value parser (HA)
)))
(/usr/share/texlive/texmf-dist/tex/generic/pstricks/pst-fp.tex
`pst-fp' v0.05, 2010/01/17 (hv)
\pstFP@xs=\count171
\pstFP@xia=\count172
\pstFP@xib=\count173
\pstFP@xfa=\count174
\pstFP@xfb=\count175
\pstFP@rega=\count176
\pstFP@regb=\count177
\pstFP@regs=\count178
\pstFP@times=\count179
)
(/usr/share/texlive/texmf-dist/tex/generic/pgf/utilities/pgfutil-common.tex
\pgfutil@everybye=\toks48
\pgfutil@tempdima=\dimen198
\pgfutil@tempdimb=\dimen199

(/usr/share/texlive/texmf-dist/tex/generic/pgf/utilities/pgfutil-common-lists.t
ex)) (/usr/share/texlive/texmf-dist/tex/generic/pgf/utilities/pgfkeys.code.tex)
(/usr/share/texlive/texmf-dist/tex/generic/pgf/utilities/pgffor.code.tex
(/usr/share/texlive/texmf-dist/tex/generic/pgf/math/pgfmath.code.tex)
\pgffor@iter=\dimen256
\pgffor@skip=\dimen257
\pgffor@stack=\toks49
\pgffor@toks=\toks50
)
\psLoopIndex=\count180

`PSTricks' v2.68  <2016/06/09> (tvz)
\pst@dima=\dimen258
\pst@dimb=\dimen259
\pst@dimc=\dimen260
\pst@dimd=\dimen261
\pst@dimg=\dimen262
\pst@dimh=\dimen263
\pst@dimm=\dimen264
\pst@dimn=\dimen265
\pst@dimo=\dimen266
\pst@dimp=\dimen267
\pst@hbox=\box57
\pst@ibox=\box58
\pst@boxg=\box59
\pst@cnta=\count181
\pst@cntb=\count182
\pst@cntc=\count183
\pst@cntd=\count184
\pst@cntg=\count185
\pst@cnth=\count186
\pst@cntm=\count187
\pst@cntn=\count188
\pst@cnto=\count189
\pst@cntp=\count190
\@zero=\count191
\pst@toks=\toks51
(/usr/share/texlive/texmf-dist/tex/generic/pstricks/pstricks.con)
\psunit=\dimen268
\psxunit=\dimen269
\psyunit=\dimen270
\pst@C@@rType=\count192
\pslinewidth=\dimen271
\psk@startLW=\dimen272
\psk@endLW=\dimen273
\pst@customdefs=\toks52
\pslinearc=\dimen274
\pst@symbolStep=\dimen275
\pst@symbolWidth=\dimen276
\pst@symbolLinewidth=\dimen277
\everypsbox=\toks53
\psframesep=\dimen278
\pslabelsep=\dimen279
\sh@wgridXunit=\dimen280
\sh@wgridYunit=\dimen281
\pst@shift=\dimen282
)
File: pstricks.tex 2016/06/09 v2.68 `PSTricks' (tvz,hv)

(/usr/share/texlive/texmf-dist/tex/generic/pstricks/pst-fp.tex)
File: pst-fp.tex 2016/06/09 v2.68 `PST-fp' (hv)
)
(/usr/share/texlive/texmf-dist/tex/latex/tools/multicol.sty
Package: multicol 2016/04/07 v1.8p multicolumn formatting (FMi)
\c@tracingmulticols=\count193
\mult@box=\box60
\multicol@leftmargin=\dimen283
\c@unbalance=\count194
\c@collectmore=\count195
\doublecol@number=\count196
\multicoltolerance=\count197
\multicolpretolerance=\count198
\full@width=\dimen284
\page@free=\dimen285
\premulticols=\dimen286
\postmulticols=\dimen287
\multicolsep=\skip63
\multicolbaselineskip=\skip64
\partial@page=\box61
\last@line=\box62
\maxbalancingoverflow=\dimen288
\mult@rightbox=\box63
\mult@grightbox=\box64
\mult@gfirstbox=\box65
\mult@firstbox=\box66
\@tempa=\box67
\@tempa=\box68
\@tempa=\box69
\@tempa=\box70
\@tempa=\box71
\@tempa=\box72
\@tempa=\box73
\@tempa=\box74
\@tempa=\box75
\@tempa=\box76
\@tempa=\box77
\@tempa=\box78
\@tempa=\box79
\@tempa=\box80
\@tempa=\box81
\@tempa=\box82
\@tempa=\box83
\c@columnbadness=\count199
\c@finalcolumnbadness=\count266
\last@try=\dimen289
\multicolovershoot=\dimen290
\multicolundershoot=\dimen291
\mult@nat@firstbox=\box84
\colbreak@box=\box85
\mc@col@check@num=\count267
)
(/usr/share/texlive/texmf-dist/tex/latex/caption/caption.sty
Package: caption 2016/02/21 v3.3-144 Customizing captions (AR)

(/usr/share/texlive/texmf-dist/tex/latex/caption/caption3.sty
Package: caption3 2016/05/22 v1.7-166 caption3 kernel (AR)
Package caption3 Info: TeX engine: e-TeX on input line 67.
\captionmargin=\dimen292
\captionmargin@=\dimen293
\captionwidth=\dimen294
\caption@tempdima=\dimen295
\caption@indent=\dimen296
\caption@parindent=\dimen297
\caption@hangindent=\dimen298
)
\c@ContinuedFloat=\count268
Package caption Info: beamer document class.
Package caption Info: hyperref package is loaded.
Package caption Info: Hyperref support is turned off
(caption)             because hyperref has stopped early.
Package caption Info: listings package is loaded.
)
Package hyperref Info: Option `colorlinks' set `false' on input line 50.

(./beamerthemeift.sty (./beamerouterthemeift.sty))
(/usr/share/texlive/texmf-dist/tex/latex/beamer/themes/font/beamerfontthemeseri
f.sty)
\@input{macros.aux}
\openout2 = `macros.aux'.

(./macros.tex)

Package hyperref Warning: Token not allowed in a PDF string (PDFDocEncoding):
(hyperref)                removing `\\' on input line 267.


Package hyperref Warning: Token not allowed in a PDF string (PDFDocEncoding):
(hyperref)                removing `\\' on input line 267.


Package hyperref Warning: Token not allowed in a PDF string (PDFDocEncoding):
(hyperref)                removing `\\' on input line 267.

(./Ch02SparkDataProcessing.aux)
\openout1 = `Ch02SparkDataProcessing.aux'.

LaTeX Font Info:    Checking defaults for OML/cmm/m/it on input line 281.
LaTeX Font Info:    ... okay on input line 281.
LaTeX Font Info:    Checking defaults for T1/cmr/m/n on input line 281.
LaTeX Font Info:    ... okay on input line 281.
LaTeX Font Info:    Checking defaults for OT1/cmr/m/n on input line 281.
LaTeX Font Info:    ... okay on input line 281.
LaTeX Font Info:    Checking defaults for OMS/cmsy/m/n on input line 281.
LaTeX Font Info:    ... okay on input line 281.
LaTeX Font Info:    Checking defaults for OMX/cmex/m/n on input line 281.
LaTeX Font Info:    ... okay on input line 281.
LaTeX Font Info:    Checking defaults for U/cmr/m/n on input line 281.
LaTeX Font Info:    ... okay on input line 281.
LaTeX Font Info:    Checking defaults for PD1/pdf/m/n on input line 281.
LaTeX Font Info:    ... okay on input line 281.

*geometry* driver: auto-detecting
*geometry* detected driver: pdftex
*geometry* verbose mode - [ preamble ] result:
* driver: pdftex
* paper: custom
* layout: <same size as paper>
* layoutoffset:(h,v)=(0.0pt,0.0pt)
* modes: includehead includefoot 
* h-part:(L,W,R)=(10.95003pt, 342.2953pt, 10.95003pt)
* v-part:(T,H,B)=(0.0pt, 273.14662pt, 0.0pt)
* \paperwidth=364.19536pt
* \paperheight=273.14662pt
* \textwidth=342.2953pt
* \textheight=244.6939pt
* \oddsidemargin=-61.31996pt
* \evensidemargin=-61.31996pt
* \topmargin=-72.26999pt
* \headheight=14.22636pt
* \headsep=0.0pt
* \topskip=11.0pt
* \footskip=14.22636pt
* \marginparwidth=4.0pt
* \marginparsep=10.0pt
* \columnsep=10.0pt
* \skip\footins=10.0pt plus 4.0pt minus 2.0pt
* \hoffset=0.0pt
* \voffset=0.0pt
* \mag=1000
* \@twocolumnfalse
* \@twosidefalse
* \@mparswitchfalse
* \@reversemarginfalse
* (1in=72.27pt=25.4mm, 1cm=28.453pt)

(/usr/share/texlive/texmf-dist/tex/context/base/mkii/supp-pdf.mkii
[Loading MPS to PDF converter (version 2006.09.02).]
\scratchcounter=\count269
\scratchdimen=\dimen299
\scratchbox=\box86
\nofMPsegments=\count270
\nofMParguments=\count271
\everyMPshowfont=\toks54
\MPscratchCnt=\count272
\MPscratchDim=\dimen300
\MPnumerator=\count273
\makeMPintoPDFobject=\count274
\everyMPtoPDFconversion=\toks55
) (/usr/share/texlive/texmf-dist/tex/latex/oberdiek/epstopdf-base.sty
Package: epstopdf-base 2016/05/15 v2.6 Base part for package epstopdf

(/usr/share/texlive/texmf-dist/tex/latex/oberdiek/grfext.sty
Package: grfext 2016/05/16 v1.2 Manage graphics extensions (HO)
)
Package epstopdf-base Info: Redefining graphics rule for `.eps' on input line 4
38.
Package grfext Info: Graphics extension search list:
(grfext)             [.png,.pdf,.jpg,.mps,.jpeg,.jbig2,.jb2,.PNG,.PDF,.JPG,.JPE
G,.JBIG2,.JB2,.eps]
(grfext)             \AppendGraphicsExtensions on input line 456.

(/usr/share/texlive/texmf-dist/tex/latex/latexconfig/epstopdf-sys.cfg
File: epstopdf-sys.cfg 2010/07/13 v1.3 Configuration of (r)epstopdf for TeX Liv
e
))
ABD: EveryShipout initializing macros
\AtBeginShipoutBox=\box87
Package hyperref Info: Link coloring OFF on input line 281.

(/usr/share/texlive/texmf-dist/tex/latex/hyperref/nameref.sty
Package: nameref 2016/05/21 v2.44 Cross-referencing by name of section

(/usr/share/texlive/texmf-dist/tex/generic/oberdiek/gettitlestring.sty
Package: gettitlestring 2016/05/16 v1.5 Cleanup title references (HO)
)
\c@section@level=\count275
)
LaTeX Info: Redefining \ref on input line 281.
LaTeX Info: Redefining \pageref on input line 281.
LaTeX Info: Redefining \nameref on input line 281.

(./Ch02SparkDataProcessing.out) (./Ch02SparkDataProcessing.out)
\@outlinefile=\write5
\openout5 = `Ch02SparkDataProcessing.out'.


(/usr/share/texlive/texmf-dist/tex/latex/beamer/translator/dicts/translator-bas
ic-dictionary/translator-basic-dictionary-English.dict
Dictionary: translator-basic-dictionary, Language: English 
)
(/usr/share/texlive/texmf-dist/tex/latex/beamer/translator/dicts/translator-bib
liography-dictionary/translator-bibliography-dictionary-English.dict
Dictionary: translator-bibliography-dictionary, Language: English 
)
(/usr/share/texlive/texmf-dist/tex/latex/beamer/translator/dicts/translator-env
ironment-dictionary/translator-environment-dictionary-English.dict
Dictionary: translator-environment-dictionary, Language: English 
)
(/usr/share/texlive/texmf-dist/tex/latex/beamer/translator/dicts/translator-mon
ths-dictionary/translator-months-dictionary-English.dict
Dictionary: translator-months-dictionary, Language: English 
)
(/usr/share/texlive/texmf-dist/tex/latex/beamer/translator/dicts/translator-num
bers-dictionary/translator-numbers-dictionary-English.dict
Dictionary: translator-numbers-dictionary, Language: English 
)
(/usr/share/texlive/texmf-dist/tex/latex/beamer/translator/dicts/translator-the
orem-dictionary/translator-theorem-dictionary-English.dict
Dictionary: translator-theorem-dictionary, Language: English 
)
LaTeX Info: Redefining \includegraphics on input line 281.
\c@lstlisting=\count276
Package caption Info: Begin \AtBeginDocument code.
Package caption Info: End \AtBeginDocument code.

(./Ch02SparkDataProcessing.nav)
Overfull \hbox (3.63992pt too wide) in paragraph at lines 281--281
[][]  
 []


Overfull \vbox (75.8574pt too high) detected at line 286
 []


LaTeX Font Warning: Font shape `OT1/cmss/m/n' in size <4> not available
(Font)              size <5> substituted on input line 286.


Overfull \hbox (3.63992pt too wide) has occurred while \output is active
[][] 
 []

[1
Non-PDF special ignored!
Non-PDF special ignored!
Non-PDF special ignored!
Non-PDF special ignored!


Non-PDF special ignored!
Non-PDF special ignored!
Non-PDF special ignored!


{/usr/share/texlive/texmf-dist/fonts/map/pdftex/updmap/pdftex.map}] (./Ch02Spar
kDataProcessing.toc)
Overfull \hbox (3.63992pt too wide) has occurred while \output is active
[][] 
 []

[2

] (./Ch02SparkDataProcessing/Ch02SparkDataProcessing.tex
<./Graphics/nabil_slide_helwan_bg.png, id=91, 716.6775pt x 536.0025pt>
File: ./Graphics/nabil_slide_helwan_bg.png Graphic file (type png)

<use ./Graphics/nabil_slide_helwan_bg.png>
Package pdftex.def Info: ./Graphics/nabil_slide_helwan_bg.png used on input lin
e 43.
(pdftex.def)             Requested size: 364.19936pt x 273.145pt.

Overfull \hbox (3.63992pt too wide) has occurred while \output is active
[][] 
 []

[3

 <./Graphics/nabil_slide_helwan_bg.png>]
File: ./Graphics/nabil_slide_helwan_bg.png Graphic file (type png)

<use ./Graphics/nabil_slide_helwan_bg.png>
Package pdftex.def Info: ./Graphics/nabil_slide_helwan_bg.png used on input lin
e 64.
(pdftex.def)             Requested size: 364.19936pt x 273.145pt.

Overfull \hbox (3.63992pt too wide) has occurred while \output is active
[][] 
 []

[4

]
LaTeX Font Info:    Try loading font information for U+msa on input line 76.
 (/usr/share/texlive/texmf-dist/tex/latex/amsfonts/umsa.fd
File: umsa.fd 2013/01/14 v3.01 AMS symbols A
)
LaTeX Font Info:    Try loading font information for U+msb on input line 76.

(/usr/share/texlive/texmf-dist/tex/latex/amsfonts/umsb.fd
File: umsb.fd 2013/01/14 v3.01 AMS symbols B
)
<./Ch02SparkDataProcessing/Graphics/RDD_Patitions.PNG, id=107, 496.85625pt x 29
3.59688pt>
File: ./Ch02SparkDataProcessing/Graphics/RDD_Patitions.PNG Graphic file (type p
ng)
 <use ./Ch02SparkDataProcessing/Graphics/RDD_Patitions.PNG>
Package pdftex.def Info: ./Ch02SparkDataProcessing/Graphics/RDD_Patitions.PNG u
sed on input line 76.
(pdftex.def)             Requested size: 342.30048pt x 156.48813pt.

Overfull \hbox (21.90523pt too wide) in paragraph at lines 76--76
 [] 
 []


Overfull \vbox (2.48402pt too high) detected at line 76
 []

File: ./Graphics/nabil_slide_helwan_bg.png Graphic file (type png)
<use ./Graphics/nabil_slide_helwan_bg.png>
Package pdftex.def Info: ./Graphics/nabil_slide_helwan_bg.png used on input lin
e 76.
(pdftex.def)             Requested size: 364.19936pt x 273.145pt.

Overfull \hbox (3.63992pt too wide) has occurred while \output is active
[][] 
 []

[5

 <./Ch02SparkDataProcessing/Graphics/RDD_Patitions.PNG>]
\openout4 = `Ch02SparkDataProcessing.vrb'.


(./Ch02SparkDataProcessing.vrb
(/usr/share/texlive/texmf-dist/tex/latex/listings/lstlang1.sty
File: lstlang1.sty 2015/06/04 1.6 listings language file
)
(/usr/share/texlive/texmf-dist/tex/latex/listings/lstlang2.sty
File: lstlang2.sty 2015/06/04 1.6 listings language file
)
(/usr/share/texlive/texmf-dist/tex/latex/listings/lstlang3.sty
File: lstlang3.sty 2015/06/04 1.6 listings language file
)
LaTeX Font Info:    Try loading font information for OML+cmss on input line 6.
LaTeX Font Info:    No file OMLcmss.fd. on input line 6.


LaTeX Font Warning: Font shape `OML/cmss/m/n' undefined
(Font)              using `OML/cmm/m/it' instead
(Font)              for symbol `textless' on input line 6.

)
File: ./Graphics/nabil_slide_helwan_bg.png Graphic file (type png)
 <use ./Graphics/nabil_slide_helwan_bg.png>
Package pdftex.def Info: ./Graphics/nabil_slide_helwan_bg.png used on input lin
e 97.
(pdftex.def)             Requested size: 364.19936pt x 273.145pt.

Overfull \hbox (3.63992pt too wide) has occurred while \output is active
[][] 
 []

[6

]
File: ./Graphics/nabil_slide_helwan_bg.png Graphic file (type png)
 <use ./Graphics/nabil_slide_helwan_bg.png>
Package pdftex.def Info: ./Graphics/nabil_slide_helwan_bg.png used on input lin
e 117.
(pdftex.def)             Requested size: 364.19936pt x 273.145pt.

Overfull \hbox (3.63992pt too wide) has occurred while \output is active
[][] 
 []

[7

]
File: ./Graphics/nabil_slide_helwan_bg.png Graphic file (type png)
 <use ./Graphics/nabil_slide_helwan_bg.png>
Package pdftex.def Info: ./Graphics/nabil_slide_helwan_bg.png used on input lin
e 141.
(pdftex.def)             Requested size: 364.19936pt x 273.145pt.

Overfull \hbox (3.63992pt too wide) has occurred while \output is active
[][] 
 []

[8

]
<./Ch02SparkDataProcessing/Graphics/Spark_Driver_Issue.PNG, id=141, 448.67625pt
 x 215.30438pt>
File: ./Ch02SparkDataProcessing/Graphics/Spark_Driver_Issue.PNG Graphic file (t
ype png)

<use ./Ch02SparkDataProcessing/Graphics/Spark_Driver_Issue.PNG>
Package pdftex.def Info: ./Ch02SparkDataProcessing/Graphics/Spark_Driver_Issue.
PNG used on input line 158.
(pdftex.def)             Requested size: 342.2953pt x 164.26051pt.
File: ./Graphics/nabil_slide_helwan_bg.png Graphic file (type png)

<use ./Graphics/nabil_slide_helwan_bg.png>
Package pdftex.def Info: ./Graphics/nabil_slide_helwan_bg.png used on input lin
e 158.
(pdftex.def)             Requested size: 364.19936pt x 273.145pt.

Overfull \hbox (3.63992pt too wide) has occurred while \output is active
[][] 
 []

[9

 <./Ch02SparkDataProcessing/Graphics/Spark_Driver_Issue.PNG>]
\openout4 = `Ch02SparkDataProcessing.vrb'.


(./Ch02SparkDataProcessing.vrb)
File: ./Graphics/nabil_slide_helwan_bg.png Graphic file (type png)
 <use ./Graphics/nabil_slide_helwan_bg.png>
Package pdftex.def Info: ./Graphics/nabil_slide_helwan_bg.png used on input lin
e 182.
(pdftex.def)             Requested size: 364.19936pt x 273.145pt.

Overfull \hbox (3.63992pt too wide) has occurred while \output is active
[][] 
 []

[10

]
\openout4 = `Ch02SparkDataProcessing.vrb'.

 (./Ch02SparkDataProcessing.vrb)
File: ./Graphics/nabil_slide_helwan_bg.png Graphic file (type png)

<use ./Graphics/nabil_slide_helwan_bg.png>
Package pdftex.def Info: ./Graphics/nabil_slide_helwan_bg.png used on input lin
e 207.
(pdftex.def)             Requested size: 364.19936pt x 273.145pt.

Overfull \hbox (3.63992pt too wide) has occurred while \output is active
[][] 
 []

[11

]
<./Ch02SparkDataProcessing/Graphics/Actions_Transformations.png, id=164, 497.86
pt x 421.575pt>
File: ./Ch02SparkDataProcessing/Graphics/Actions_Transformations.png Graphic fi
le (type png)

<use ./Ch02SparkDataProcessing/Graphics/Actions_Transformations.png>
Package pdftex.def Info: ./Ch02SparkDataProcessing/Graphics/Actions_Transformat
ions.png used on input line 217.
(pdftex.def)             Requested size: 342.30069pt x 184.94678pt.

Overfull \vbox (5.50517pt too high) detected at line 217
 []

File: ./Graphics/nabil_slide_helwan_bg.png Graphic file (type png)
<use ./Graphics/nabil_slide_helwan_bg.png>
Package pdftex.def Info: ./Graphics/nabil_slide_helwan_bg.png used on input lin
e 217.
(pdftex.def)             Requested size: 364.19936pt x 273.145pt.

Overfull \hbox (3.63992pt too wide) has occurred while \output is active
[][] 
 []

[12

 <./Ch02SparkDataProcessing/Graphics/Actions_Transformations.png>]
File: ./Graphics/nabil_slide_helwan_bg.png Graphic file (type png)

<use ./Graphics/nabil_slide_helwan_bg.png>
Package pdftex.def Info: ./Graphics/nabil_slide_helwan_bg.png used on input lin
e 241.
(pdftex.def)             Requested size: 364.19936pt x 273.145pt.

Overfull \hbox (3.63992pt too wide) has occurred while \output is active
[][] 
 []

[13

]
<./Ch02SparkDataProcessing/Graphics/MapGraph.PNG, id=181, 529.98pt x 539.01375p
t>
File: ./Ch02SparkDataProcessing/Graphics/MapGraph.PNG Graphic file (type png)
 <use ./Ch02SparkDataProcessing/Graphics/MapGraph.PNG>
Package pdftex.def Info: ./Ch02SparkDataProcessing/Graphics/MapGraph.PNG used o
n input line 257.
(pdftex.def)             Requested size: 342.29945pt x 184.94008pt.

Overfull \vbox (5.49847pt too high) detected at line 257
 []

File: ./Graphics/nabil_slide_helwan_bg.png Graphic file (type png)
<use ./Graphics/nabil_slide_helwan_bg.png>
Package pdftex.def Info: ./Graphics/nabil_slide_helwan_bg.png used on input lin
e 257.
(pdftex.def)             Requested size: 364.19936pt x 273.145pt.

Overfull \hbox (3.63992pt too wide) has occurred while \output is active
[][] 
 []

[14

 <./Ch02SparkDataProcessing/Graphics/MapGraph.PNG>]
\openout4 = `Ch02SparkDataProcessing.vrb'.


(./Ch02SparkDataProcessing.vrb)
File: ./Graphics/nabil_slide_helwan_bg.png Graphic file (type png)
 <use ./Graphics/nabil_slide_helwan_bg.png>
Package pdftex.def Info: ./Graphics/nabil_slide_helwan_bg.png used on input lin
e 277.
(pdftex.def)             Requested size: 364.19936pt x 273.145pt.

Overfull \hbox (3.63992pt too wide) has occurred while \output is active
[][] 
 []

[15

]
\openout4 = `Ch02SparkDataProcessing.vrb'.

 (./Ch02SparkDataProcessing.vrb)
File: ./Graphics/nabil_slide_helwan_bg.png Graphic file (type png)

<use ./Graphics/nabil_slide_helwan_bg.png>
Package pdftex.def Info: ./Graphics/nabil_slide_helwan_bg.png used on input lin
e 290.
(pdftex.def)             Requested size: 364.19936pt x 273.145pt.

Overfull \hbox (3.63992pt too wide) has occurred while \output is active
[][] 
 []

[16

]
File: ./Graphics/nabil_slide_helwan_bg.png Graphic file (type png)
 <use ./Graphics/nabil_slide_helwan_bg.png>
Package pdftex.def Info: ./Graphics/nabil_slide_helwan_bg.png used on input lin
e 305.
(pdftex.def)             Requested size: 364.19936pt x 273.145pt.

Overfull \hbox (3.63992pt too wide) has occurred while \output is active
[][] 
 []

[17

]
File: ./Graphics/nabil_slide_helwan_bg.png Graphic file (type png)
 <use ./Graphics/nabil_slide_helwan_bg.png>
Package pdftex.def Info: ./Graphics/nabil_slide_helwan_bg.png used on input lin
e 318.
(pdftex.def)             Requested size: 364.19936pt x 273.145pt.

Overfull \hbox (3.63992pt too wide) has occurred while \output is active
[][] 
 []

[18

]
File: ./Graphics/nabil_slide_helwan_bg.png Graphic file (type png)
 <use ./Graphics/nabil_slide_helwan_bg.png>
Package pdftex.def Info: ./Graphics/nabil_slide_helwan_bg.png used on input lin
e 341.
(pdftex.def)             Requested size: 364.19936pt x 273.145pt.

Overfull \hbox (3.63992pt too wide) has occurred while \output is active
[][] 
 []

[19

]
\openout4 = `Ch02SparkDataProcessing.vrb'.

 (./Ch02SparkDataProcessing.vrb

! LaTeX Error: Something's wrong--perhaps a missing \item.

See the LaTeX manual or LaTeX Companion for explanation.
Type  H <return>  for immediate help.
 ...                                              
                                                  
l.16 \end{itemize}
                  
Try typing  <return>  to proceed.
If that doesn't work, type  X <return>  to quit.

)
File: ./Graphics/nabil_slide_helwan_bg.png Graphic file (type png)
 <use ./Graphics/nabil_slide_helwan_bg.png>
Package pdftex.def Info: ./Graphics/nabil_slide_helwan_bg.png used on input lin
e 368.
(pdftex.def)             Requested size: 364.19936pt x 273.145pt.

Overfull \hbox (3.63992pt too wide) has occurred while \output is active
[][] 
 []

[20

]
File: ./Graphics/nabil_slide_helwan_bg.png Graphic file (type png)
 <use ./Graphics/nabil_slide_helwan_bg.png>
Package pdftex.def Info: ./Graphics/nabil_slide_helwan_bg.png used on input lin
e 377.
(pdftex.def)             Requested size: 364.19936pt x 273.145pt.

Overfull \hbox (3.63992pt too wide) has occurred while \output is active
[][] 
 []

[21

]
<./Ch02SparkDataProcessing/Graphics/lazy1.PNG, id=239, 525.76425pt x 541.42274p
t>
File: ./Ch02SparkDataProcessing/Graphics/lazy1.PNG Graphic file (type png)
 <use ./Ch02SparkDataProcessing/Graphics/lazy1.PNG>
Package pdftex.def Info: ./Ch02SparkDataProcessing/Graphics/lazy1.PNG used on i
nput line 386.
(pdftex.def)             Requested size: 342.29625pt x 184.94048pt.

Overfull \vbox (5.49887pt too high) detected at line 386
 []

File: ./Graphics/nabil_slide_helwan_bg.png Graphic file (type png)
<use ./Graphics/nabil_slide_helwan_bg.png>
Package pdftex.def Info: ./Graphics/nabil_slide_helwan_bg.png used on input lin
e 386.
(pdftex.def)             Requested size: 364.19936pt x 273.145pt.

Overfull \hbox (3.63992pt too wide) has occurred while \output is active
[][] 
 []

[22

 <./Ch02SparkDataProcessing/Graphics/lazy1.PNG>]
<./Ch02SparkDataProcessing/Graphics/lazy2.PNG, id=248, 819.66225pt x 551.661pt>
File: ./Ch02SparkDataProcessing/Graphics/lazy2.PNG Graphic file (type png)
<use ./Ch02SparkDataProcessing/Graphics/lazy2.PNG>
Package pdftex.def Info: ./Ch02SparkDataProcessing/Graphics/lazy2.PNG used on i
nput line 394.
(pdftex.def)             Requested size: 342.29219pt x 184.93594pt.
File: ./Graphics/nabil_slide_helwan_bg.png Graphic file (type png)

<use ./Graphics/nabil_slide_helwan_bg.png>
Package pdftex.def Info: ./Graphics/nabil_slide_helwan_bg.png used on input lin
e 394.
(pdftex.def)             Requested size: 364.19936pt x 273.145pt.

Overfull \hbox (3.63992pt too wide) has occurred while \output is active
[][] 
 []

[23

 <./Ch02SparkDataProcessing/Graphics/lazy2.PNG>]
<./Ch02SparkDataProcessing/Graphics/chain.PNG, id=257, 631.76025pt x 375.804pt>
File: ./Ch02SparkDataProcessing/Graphics/chain.PNG Graphic file (type png)
<use ./Ch02SparkDataProcessing/Graphics/chain.PNG>
Package pdftex.def Info: ./Ch02SparkDataProcessing/Graphics/chain.PNG used on i
nput line 411.
(pdftex.def)             Requested size: 342.2953pt x 203.61351pt.

Overfull \vbox (14.17194pt too high) detected at line 411
 []

File: ./Graphics/nabil_slide_helwan_bg.png Graphic file (type png)
<use ./Graphics/nabil_slide_helwan_bg.png>
Package pdftex.def Info: ./Graphics/nabil_slide_helwan_bg.png used on input lin
e 411.
(pdftex.def)             Requested size: 364.19936pt x 273.145pt.

Overfull \hbox (3.63992pt too wide) has occurred while \output is active
[][] 
 []

[24

 <./Ch02SparkDataProcessing/Graphics/chain.PNG>]
\openout4 = `Ch02SparkDataProcessing.vrb'.


(./Ch02SparkDataProcessing.vrb)
File: ./Graphics/nabil_slide_helwan_bg.png Graphic file (type png)
 <use ./Graphics/nabil_slide_helwan_bg.png>
Package pdftex.def Info: ./Graphics/nabil_slide_helwan_bg.png used on input lin
e 429.
(pdftex.def)             Requested size: 364.19936pt x 273.145pt.

Overfull \hbox (3.63992pt too wide) has occurred while \output is active
[][] 
 []

[25

]
File: ./Graphics/nabil_slide_helwan_bg.png Graphic file (type png)
 <use ./Graphics/nabil_slide_helwan_bg.png>
Package pdftex.def Info: ./Graphics/nabil_slide_helwan_bg.png used on input lin
e 443.
(pdftex.def)             Requested size: 364.19936pt x 273.145pt.

Overfull \hbox (3.63992pt too wide) has occurred while \output is active
[][] 
 []

[26

]
<./Ch02SparkDataProcessing/Graphics/take1pipe.PNG, id=282, 861.81975pt x 539.61
6pt>
File: ./Ch02SparkDataProcessing/Graphics/take1pipe.PNG Graphic file (type png)
 <use ./Ch02SparkDataProcessing/Graphics/take1pipe.PNG>
Package pdftex.def Info: ./Ch02SparkDataProcessing/Graphics/take1pipe.PNG used 
on input line 451.
(pdftex.def)             Requested size: 342.28899pt x 184.94087pt.
File: ./Graphics/nabil_slide_helwan_bg.png Graphic file (type png)

<use ./Graphics/nabil_slide_helwan_bg.png>
Package pdftex.def Info: ./Graphics/nabil_slide_helwan_bg.png used on input lin
e 451.
(pdftex.def)             Requested size: 364.19936pt x 273.145pt.

Overfull \hbox (3.63992pt too wide) has occurred while \output is active
[][] 
 []

[27

 <./Ch02SparkDataProcessing/Graphics/take1pipe.PNG>]
<./Ch02SparkDataProcessing/Graphics/take2pipe.PNG, id=291, 843.75224pt x 541.42
274pt>
File: ./Ch02SparkDataProcessing/Graphics/take2pipe.PNG Graphic file (type png)
 <use ./Ch02SparkDataProcessing/Graphics/take2pipe.PNG>
Package pdftex.def Info: ./Ch02SparkDataProcessing/Graphics/take2pipe.PNG used 
on input line 458.
(pdftex.def)             Requested size: 342.28427pt x 184.94048pt.
File: ./Graphics/nabil_slide_helwan_bg.png Graphic file (type png)

<use ./Graphics/nabil_slide_helwan_bg.png>
Package pdftex.def Info: ./Graphics/nabil_slide_helwan_bg.png used on input lin
e 458.
(pdftex.def)             Requested size: 364.19936pt x 273.145pt.

Overfull \hbox (3.63992pt too wide) has occurred while \output is active
[][] 
 []

[28

 <./Ch02SparkDataProcessing/Graphics/take2pipe.PNG>]
\openout4 = `Ch02SparkDataProcessing.vrb'.


(./Ch02SparkDataProcessing.vrb
LaTeX Font Info:    Try loading font information for OMS+cmss on input line 11.

LaTeX Font Info:    No file OMScmss.fd. on input line 11.


LaTeX Font Warning: Font shape `OMS/cmss/m/n' undefined
(Font)              using `OMS/cmsy/m/n' instead
(Font)              for symbol `textbraceleft' on input line 11.

)
File: ./Graphics/nabil_slide_helwan_bg.png Graphic file (type png)
 <use ./Graphics/nabil_slide_helwan_bg.png>
Package pdftex.def Info: ./Graphics/nabil_slide_helwan_bg.png used on input lin
e 485.
(pdftex.def)             Requested size: 364.19936pt x 273.145pt.

Overfull \hbox (3.63992pt too wide) has occurred while \output is active
[][] 
 []

[29

]
\openout4 = `Ch02SparkDataProcessing.vrb'.

 (./Ch02SparkDataProcessing.vrb)
File: ./Graphics/nabil_slide_helwan_bg.png Graphic file (type png)

<use ./Graphics/nabil_slide_helwan_bg.png>
Package pdftex.def Info: ./Graphics/nabil_slide_helwan_bg.png used on input lin
e 505.
(pdftex.def)             Requested size: 364.19936pt x 273.145pt.

Overfull \hbox (3.63992pt too wide) has occurred while \output is active
[][] 
 []

[30

]
\openout4 = `Ch02SparkDataProcessing.vrb'.

 (./Ch02SparkDataProcessing.vrb)
File: ./Graphics/nabil_slide_helwan_bg.png Graphic file (type png)

<use ./Graphics/nabil_slide_helwan_bg.png>
Package pdftex.def Info: ./Graphics/nabil_slide_helwan_bg.png used on input lin
e 518.
(pdftex.def)             Requested size: 364.19936pt x 273.145pt.

Overfull \hbox (3.63992pt too wide) has occurred while \output is active
[][] 
 []

[31

]
<./Ch02SparkDataProcessing/Graphics/cashe1.PNG, id=321, 729.32475pt x 483.60675
pt>
File: ./Ch02SparkDataProcessing/Graphics/cashe1.PNG Graphic file (type png)
 <use ./Ch02SparkDataProcessing/Graphics/cashe1.PNG>
Package pdftex.def Info: ./Ch02SparkDataProcessing/Graphics/cashe1.PNG used on 
input line 526.
(pdftex.def)             Requested size: 342.29301pt x 184.94577pt.
File: ./Graphics/nabil_slide_helwan_bg.png Graphic file (type png)

<use ./Graphics/nabil_slide_helwan_bg.png>
Package pdftex.def Info: ./Graphics/nabil_slide_helwan_bg.png used on input lin
e 526.
(pdftex.def)             Requested size: 364.19936pt x 273.145pt.

Overfull \hbox (3.63992pt too wide) has occurred while \output is active
[][] 
 []

[32

 <./Ch02SparkDataProcessing/Graphics/cashe1.PNG>]
<./Ch02SparkDataProcessing/Graphics/cashe2.PNG, id=330, 766.062pt x 477.58424pt
>
File: ./Ch02SparkDataProcessing/Graphics/cashe2.PNG Graphic file (type png)
 <use ./Ch02SparkDataProcessing/Graphics/cashe2.PNG>
Package pdftex.def Info: ./Ch02SparkDataProcessing/Graphics/cashe2.PNG used on 
input line 534.
(pdftex.def)             Requested size: 342.30505pt x 184.9381pt.

Overfull \vbox (5.49649pt too high) detected at line 534
 []

File: ./Graphics/nabil_slide_helwan_bg.png Graphic file (type png)
<use ./Graphics/nabil_slide_helwan_bg.png>
Package pdftex.def Info: ./Graphics/nabil_slide_helwan_bg.png used on input lin
e 534.
(pdftex.def)             Requested size: 364.19936pt x 273.145pt.

Overfull \hbox (3.63992pt too wide) has occurred while \output is active
[][] 
 []

[33

 <./Ch02SparkDataProcessing/Graphics/cashe2.PNG>]
\openout4 = `Ch02SparkDataProcessing.vrb'.


(./Ch02SparkDataProcessing.vrb)
File: ./Graphics/nabil_slide_helwan_bg.png Graphic file (type png)
 <use ./Graphics/nabil_slide_helwan_bg.png>
Package pdftex.def Info: ./Graphics/nabil_slide_helwan_bg.png used on input lin
e 550.
(pdftex.def)             Requested size: 364.19936pt x 273.145pt.

Overfull \hbox (3.63992pt too wide) has occurred while \output is active
[][] 
 []

[34

]
File: ./Graphics/nabil_slide_helwan_bg.png Graphic file (type png)
 <use ./Graphics/nabil_slide_helwan_bg.png>
Package pdftex.def Info: ./Graphics/nabil_slide_helwan_bg.png used on input lin
e 571.
(pdftex.def)             Requested size: 364.19936pt x 273.145pt.

Overfull \hbox (3.63992pt too wide) has occurred while \output is active
[][] 
 []

[35

]
File: ./Graphics/nabil_slide_helwan_bg.png Graphic file (type png)
 <use ./Graphics/nabil_slide_helwan_bg.png>
Package pdftex.def Info: ./Graphics/nabil_slide_helwan_bg.png used on input lin
e 583.
(pdftex.def)             Requested size: 364.19936pt x 273.145pt.

Overfull \hbox (3.63992pt too wide) has occurred while \output is active
[][] 
 []

[36

]
<./Ch02SparkDataProcessing/Graphics/SparkWF.PNG, id=360, 554.07pt x 361.35pt>
File: ./Ch02SparkDataProcessing/Graphics/SparkWF.PNG Graphic file (type png)

<use ./Ch02SparkDataProcessing/Graphics/SparkWF.PNG>
Package pdftex.def Info: ./Ch02SparkDataProcessing/Graphics/SparkWF.PNG used on
 input line 592.
(pdftex.def)             Requested size: 342.29396pt x 184.9422pt.
File: ./Graphics/nabil_slide_helwan_bg.png Graphic file (type png)

<use ./Graphics/nabil_slide_helwan_bg.png>
Package pdftex.def Info: ./Graphics/nabil_slide_helwan_bg.png used on input lin
e 592.
(pdftex.def)             Requested size: 364.19936pt x 273.145pt.

Overfull \hbox (3.63992pt too wide) has occurred while \output is active
[][] 
 []

[37

 <./Ch02SparkDataProcessing/Graphics/SparkWF.PNG>]
<./Ch02SparkDataProcessing/Graphics/cache.png, id=370, 1405.25pt x 1003.75pt>
File: ./Ch02SparkDataProcessing/Graphics/cache.png Graphic file (type png)

<use ./Ch02SparkDataProcessing/Graphics/cache.png>
Package pdftex.def Info: ./Ch02SparkDataProcessing/Graphics/cache.png used on i
nput line 601.
(pdftex.def)             Requested size: 342.28441pt x 184.94035pt.
File: ./Graphics/nabil_slide_helwan_bg.png Graphic file (type png)

<use ./Graphics/nabil_slide_helwan_bg.png>
Package pdftex.def Info: ./Graphics/nabil_slide_helwan_bg.png used on input lin
e 601.
(pdftex.def)             Requested size: 364.19936pt x 273.145pt.

Overfull \hbox (3.63992pt too wide) has occurred while \output is active
[][] 
 []

[38

 <./Ch02SparkDataProcessing/Graphics/cache.png>]
<./Ch02SparkDataProcessing/Graphics/persist.PNG, id=379, 1405.25pt x 1003.75pt>
File: ./Ch02SparkDataProcessing/Graphics/persist.PNG Graphic file (type png)
<use ./Ch02SparkDataProcessing/Graphics/persist.PNG>
Package pdftex.def Info: ./Ch02SparkDataProcessing/Graphics/persist.PNG used on
 input line 611.
(pdftex.def)             Requested size: 342.28441pt x 184.94035pt.
File: ./Graphics/nabil_slide_helwan_bg.png Graphic file (type png)

<use ./Graphics/nabil_slide_helwan_bg.png>
Package pdftex.def Info: ./Graphics/nabil_slide_helwan_bg.png used on input lin
e 611.
(pdftex.def)             Requested size: 364.19936pt x 273.145pt.

Overfull \hbox (3.63992pt too wide) has occurred while \output is active
[][] 
 []

[39

 <./Ch02SparkDataProcessing/Graphics/persist.PNG>]
File: ./Graphics/nabil_slide_helwan_bg.png Graphic file (type png)

<use ./Graphics/nabil_slide_helwan_bg.png>
Package pdftex.def Info: ./Graphics/nabil_slide_helwan_bg.png used on input lin
e 625.
(pdftex.def)             Requested size: 364.19936pt x 273.145pt.

Overfull \hbox (3.63992pt too wide) has occurred while \output is active
[][] 
 []

[40

]
\openout4 = `Ch02SparkDataProcessing.vrb'.

 (./Ch02SparkDataProcessing.vrb)
File: ./Graphics/nabil_slide_helwan_bg.png Graphic file (type png)

<use ./Graphics/nabil_slide_helwan_bg.png>
Package pdftex.def Info: ./Graphics/nabil_slide_helwan_bg.png used on input lin
e 642.
(pdftex.def)             Requested size: 364.19936pt x 273.145pt.

Overfull \hbox (3.63992pt too wide) has occurred while \output is active
[][] 
 []

[41

]
<./Ch02SparkDataProcessing/Graphics/Broadcastvariables.png, id=401, 289.08pt x 
200.9106pt>
File: ./Ch02SparkDataProcessing/Graphics/Broadcastvariables.png Graphic file (t
ype png)
 <use ./Ch02SparkDataProcessing/Graphics/Broadcastvariables.png>
Package pdftex.def Info: ./Ch02SparkDataProcessing/Graphics/Broadcastvariables.
png used on input line 651.
(pdftex.def)             Requested size: 342.31122pt x 184.94421pt.

Overfull \vbox (5.50261pt too high) detected at line 651
 []

File: ./Graphics/nabil_slide_helwan_bg.png Graphic file (type png)
<use ./Graphics/nabil_slide_helwan_bg.png>
Package pdftex.def Info: ./Graphics/nabil_slide_helwan_bg.png used on input lin
e 651.
(pdftex.def)             Requested size: 364.19936pt x 273.145pt.

Overfull \hbox (3.63992pt too wide) has occurred while \output is active
[][] 
 []

[42

 <./Ch02SparkDataProcessing/Graphics/Broadcastvariables.png>]
\openout4 = `Ch02SparkDataProcessing.vrb'.


(./Ch02SparkDataProcessing.vrb)
File: ./Graphics/nabil_slide_helwan_bg.png Graphic file (type png)
 <use ./Graphics/nabil_slide_helwan_bg.png>
Package pdftex.def Info: ./Graphics/nabil_slide_helwan_bg.png used on input lin
e 670.
(pdftex.def)             Requested size: 364.19936pt x 273.145pt.

Overfull \hbox (3.63992pt too wide) has occurred while \output is active
[][] 
 []

[43

]
<./Ch02SparkDataProcessing/Graphics/BitTorrent.png, id=419, 289.08pt x 286.4301
pt>
File: ./Ch02SparkDataProcessing/Graphics/BitTorrent.png Graphic file (type png)

 <use ./Ch02SparkDataProcessing/Graphics/BitTorrent.png>
Package pdftex.def Info: ./Ch02SparkDataProcessing/Graphics/BitTorrent.png used
 on input line 679.
(pdftex.def)             Requested size: 342.31122pt x 184.94484pt.

Overfull \vbox (5.50323pt too high) detected at line 679
 []

File: ./Graphics/nabil_slide_helwan_bg.png Graphic file (type png)
<use ./Graphics/nabil_slide_helwan_bg.png>
Package pdftex.def Info: ./Graphics/nabil_slide_helwan_bg.png used on input lin
e 679.
(pdftex.def)             Requested size: 364.19936pt x 273.145pt.

Overfull \hbox (3.63992pt too wide) has occurred while \output is active
[][] 
 []

[44

 <./Ch02SparkDataProcessing/Graphics/BitTorrent.png>]
File: ./Graphics/nabil_slide_helwan_bg.png Graphic file (type png)

<use ./Graphics/nabil_slide_helwan_bg.png>
Package pdftex.def Info: ./Graphics/nabil_slide_helwan_bg.png used on input lin
e 690.
(pdftex.def)             Requested size: 364.19936pt x 273.145pt.

Overfull \hbox (3.63992pt too wide) has occurred while \output is active
[][] 
 []

[45

]
File: ./Graphics/nabil_slide_helwan_bg.png Graphic file (type png)
 <use ./Graphics/nabil_slide_helwan_bg.png>
Package pdftex.def Info: ./Graphics/nabil_slide_helwan_bg.png used on input lin
e 700.
(pdftex.def)             Requested size: 364.19936pt x 273.145pt.

Overfull \hbox (3.63992pt too wide) has occurred while \output is active
[][] 
 []

[46

]
File: ./Graphics/nabil_slide_helwan_bg.png Graphic file (type png)
 <use ./Graphics/nabil_slide_helwan_bg.png>
Package pdftex.def Info: ./Graphics/nabil_slide_helwan_bg.png used on input lin
e 721.
(pdftex.def)             Requested size: 364.19936pt x 273.145pt.

Overfull \hbox (3.63992pt too wide) has occurred while \output is active
[][] 
 []

[47

])
\tf@nav=\write6
\openout6 = `Ch02SparkDataProcessing.nav'.

\tf@toc=\write7
\openout7 = `Ch02SparkDataProcessing.toc'.

\tf@snm=\write8
\openout8 = `Ch02SparkDataProcessing.snm'.

Package atveryend Info: Empty hook `BeforeClearDocument' on input line 354.
Package atveryend Info: Empty hook `AfterLastShipout' on input line 354.
 (./Ch02SparkDataProcessing.aux)
Package atveryend Info: Executing hook `AtVeryEndDocument' on input line 354.
Package atveryend Info: Executing hook `AtEndAfterFileList' on input line 354.
Package rerunfilecheck Info: File `Ch02SparkDataProcessing.out' has not changed
.
(rerunfilecheck)             Checksum: C9432BAE8F96BC514C02CBC6A91C29F1;480.


LaTeX Font Warning: Size substitutions with differences
(Font)              up to 1.0pt have occurred.


LaTeX Font Warning: Some font shapes were not available, defaults substituted.

Package atveryend Info: Empty hook `AtVeryVeryEnd' on input line 354.
 ) 
Here is how much of TeX's memory you used:
 23043 strings out of 494946
 421097 string characters out of 6180980
 574271 words of memory out of 5000000
 25649 multiletter control sequences out of 15000+600000
 14010 words of font info for 53 fonts, out of 8000000 for 9000
 14 hyphenation exceptions out of 8191
 62i,16n,108p,423b,1686s stack positions out of 5000i,500n,10000p,200000b,80000s
</usr/share/texlive/texmf-dist/fonts/type1/public/amsfonts/cm/cmmi10.pfb></us
r/share/texlive/texmf-dist/fonts/type1/public/amsfonts/cm/cmss10.pfb></usr/shar
e/texlive/texmf-dist/fonts/type1/public/amsfonts/cm/cmss12.pfb></usr/share/texl
ive/texmf-dist/fonts/type1/public/amsfonts/cm/cmss8.pfb></usr/share/texlive/tex
mf-dist/fonts/type1/public/amsfonts/cm/cmss9.pfb></usr/share/texlive/texmf-dist
/fonts/type1/public/amsfonts/cm/cmssbx10.pfb></usr/share/texlive/texmf-dist/fon
ts/type1/public/amsfonts/cm/cmssi10.pfb></usr/share/texlive/texmf-dist/fonts/ty
pe1/public/amsfonts/cm/cmsy10.pfb></usr/share/texlive/texmf-dist/fonts/type1/pu
blic/amsfonts/latxfont/lcircle1.pfb>
Output written on Ch02SparkDataProcessing.pdf (47 pages, 1449026 bytes).
PDF statistics:
 507 PDF objects out of 1000 (max. 8388607)
 403 compressed objects within 5 object streams
 112 named destinations out of 1000 (max. 500000)
 172 words of extra memory for PDF output out of 10000 (max. 10000000)

